#
# There is insufficient memory for the Java Runtime Environment to continue.
# Native memory allocation (malloc) failed to allocate 1746576 bytes for Chunk::new
# Possible reasons:
#   The system is out of physical RAM or swap space
#   In 32 bit mode, the process size limit was hit
# Possible solutions:
#   Reduce memory load on the system
#   Increase physical memory or swap space
#   Check if swap backing store is full
#   Use 64 bit Java on a 64 bit OS
#   Decrease Java heap size (-Xmx/-Xms)
#   Decrease number of Java threads
#   Decrease Java thread stack sizes (-Xss)
#   Set larger code cache with -XX:ReservedCodeCacheSize=
# This output file may be truncated or incomplete.
#
#  Out of Memory Error (allocation.cpp:390), pid=28044, tid=0x00000000000064e0
#
# JRE version: Java(TM) SE Runtime Environment (8.0_181-b13) (build 1.8.0_181-b13)
# Java VM: Java HotSpot(TM) 64-Bit Server VM (25.181-b13 mixed mode windows-amd64 compressed oops)
# Failed to write core dump. Minidumps are not enabled by default on client versions of Windows
#

---------------  T H R E A D  ---------------

Current thread (0x000000001eac2800):  JavaThread "C2 CompilerThread0" daemon [_thread_in_native, id=25824, stack(0x000000001f190000,0x000000001f290000)]

Stack: [0x000000001f190000,0x000000001f290000]
[error occurred during error reporting (printing stack bounds), id 0xc0000005]

Native frames: (J=compiled Java code, j=interpreted, Vv=VM code, C=native code)


Current CompileTask:
C2: 101947 5748   !   4       org.springframework.core.annotation.AnnotatedElementUtils::searchWithFindSemantics (774 bytes)


---------------  P R O C E S S  ---------------

Java Threads: ( => current thread )
  0x0000000024348800 JavaThread "Timer-0" daemon [_thread_in_native, id=21224, stack(0x000000002a410000,0x000000002a510000)]
  0x000000002434f000 JavaThread "schedulerFactoryBean_QuartzSchedulerThread" [_thread_blocked, id=24476, stack(0x000000002ae20000,0x000000002af20000)]
  0x000000002434e800 JavaThread "schedulerFactoryBean_Worker-10" [_thread_blocked, id=5012, stack(0x000000002ad20000,0x000000002ae20000)]
  0x000000002434b800 JavaThread "schedulerFactoryBean_Worker-9" [_thread_blocked, id=18072, stack(0x000000002ac20000,0x000000002ad20000)]
  0x0000000024349000 JavaThread "schedulerFactoryBean_Worker-8" [_thread_blocked, id=12056, stack(0x000000002ab20000,0x000000002ac20000)]
  0x0000000024346800 JavaThread "schedulerFactoryBean_Worker-7" [_thread_blocked, id=10552, stack(0x000000002aa20000,0x000000002ab20000)]
  0x000000002434a800 JavaThread "schedulerFactoryBean_Worker-6" [_thread_blocked, id=5204, stack(0x000000002a920000,0x000000002aa20000)]
  0x000000002434a000 JavaThread "schedulerFactoryBean_Worker-5" [_thread_blocked, id=19016, stack(0x000000002a820000,0x000000002a920000)]
  0x000000002434d800 JavaThread "schedulerFactoryBean_Worker-4" [_thread_blocked, id=18980, stack(0x000000002a720000,0x000000002a820000)]
  0x0000000024346000 JavaThread "schedulerFactoryBean_Worker-3" [_thread_blocked, id=15920, stack(0x000000002a620000,0x000000002a720000)]
  0x000000002434c000 JavaThread "schedulerFactoryBean_Worker-2" [_thread_blocked, id=4308, stack(0x000000002a520000,0x000000002a620000)]
  0x0000000024347800 JavaThread "schedulerFactoryBean_Worker-1" [_thread_blocked, id=28640, stack(0x0000000001130000,0x0000000001230000)]
  0x0000000023fbb800 JavaThread "HikariPool-1 housekeeper" daemon [_thread_blocked, id=5644, stack(0x0000000025950000,0x0000000025a50000)]
  0x0000000023fba800 JavaThread "oracle.jdbc.driver.BlockSource.ThreadedCachingBlockSource.BlockReleaser" daemon [_thread_blocked, id=18596, stack(0x0000000025580000,0x0000000025680000)]
  0x0000000023fba000 JavaThread "GC Daemon" daemon [_thread_blocked, id=20992, stack(0x0000000021560000,0x0000000021660000)]
  0x000000001ed21800 JavaThread "surefire-forkedjvm-ping-30s" daemon [_thread_blocked, id=26684, stack(0x000000001f890000,0x000000001f990000)]
  0x000000001ec45000 JavaThread "surefire-forkedjvm-command-thread" daemon [_thread_in_native, id=23716, stack(0x000000001f790000,0x000000001f890000)]
  0x000000001eaf2000 JavaThread "Service Thread" daemon [_thread_blocked, id=24756, stack(0x000000001f590000,0x000000001f690000)]
  0x000000001ead3800 JavaThread "C1 CompilerThread3" daemon [_thread_blocked, id=12028, stack(0x000000001f490000,0x000000001f590000)]
  0x000000001eac9000 JavaThread "C2 CompilerThread2" daemon [_thread_in_native, id=27964, stack(0x000000001f390000,0x000000001f490000)]
  0x000000001eac4800 JavaThread "C2 CompilerThread1" daemon [_thread_in_native, id=10488, stack(0x000000001f290000,0x000000001f390000)]
=>0x000000001eac2800 JavaThread "C2 CompilerThread0" daemon [_thread_in_native, id=25824, stack(0x000000001f190000,0x000000001f290000)]
  0x000000001ea6a800 JavaThread "Attach Listener" daemon [_thread_blocked, id=28344, stack(0x000000001f090000,0x000000001f190000)]
  0x000000001ea69800 JavaThread "Signal Dispatcher" daemon [_thread_blocked, id=27420, stack(0x000000001ef90000,0x000000001f090000)]
  0x000000001ea50800 JavaThread "Finalizer" daemon [_thread_blocked, id=16300, stack(0x000000001ee30000,0x000000001ef30000)]
  0x000000000312a000 JavaThread "Reference Handler" daemon [_thread_blocked, id=27956, stack(0x000000001e930000,0x000000001ea30000)]
  0x0000000003032800 JavaThread "main" [_thread_in_vm, id=21924, stack(0x0000000002f00000,0x0000000003000000)]

Other Threads:
  0x000000001cb49000 VMThread [stack: 0x000000001e830000,0x000000001e930000] [id=9724]
  0x000000001eaf6800 WatcherThread [stack: 0x000000001f690000,0x000000001f790000] [id=27368]

VM state:not at safepoint (normal execution)

VM Mutex/Monitor currently owned by a thread: None

Heap:
 PSYoungGen      total 227328K, used 16907K [0x000000076b400000, 0x000000077d080000, 0x00000007c0000000)
  eden space 211968K, 7% used [0x000000076b400000,0x000000076c482d10,0x0000000778300000)
  from space 15360K, 0% used [0x0000000779580000,0x0000000779580000,0x000000077a480000)
  to   space 18944K, 0% used [0x0000000778300000,0x0000000778300000,0x0000000779580000)
 ParOldGen       total 169984K, used 34580K [0x00000006c1c00000, 0x00000006cc200000, 0x000000076b400000)
  object space 169984K, 20% used [0x00000006c1c00000,0x00000006c3dc5358,0x00000006cc200000)
 Metaspace       used 57587K, capacity 59154K, committed 59412K, reserved 1101824K
  class space    used 7305K, capacity 7645K, committed 7740K, reserved 1048576K

Card table byte_map: [0x00000000124f0000,0x0000000012cf0000] byte_map_base: 0x000000000eee2000

Marking Bits: (ParMarkBitMap*) 0x0000000060c82d00
 Begin Bits: [0x0000000013a40000, 0x00000000179d0000)
 End Bits:   [0x00000000179d0000, 0x000000001b960000)

Polling page: 0x0000000000e10000

CodeCache: size=245760Kb used=19555Kb max_used=19629Kb free=226204Kb
 bounds [0x0000000003130000, 0x00000000044a0000, 0x0000000012130000]
 total_blobs=5669 nmethods=5125 adapters=455
 compilation: enabled

Compilation events (10 events):
Event: 101.928 Thread 0x000000001ead3800 6004   !   2       org.springframework.beans.factory.support.AbstractBeanFactory::markBeanAsCreated (60 bytes)
Event: 101.929 Thread 0x000000001ead3800 nmethod 6004 0x000000000366eed0 code [0x000000000366f060, 0x000000000366f458]
Event: 101.932 Thread 0x000000001ead3800 6005       2       org.springframework.web.context.support.ServletContextAwareProcessor::getServletContext (29 bytes)
Event: 101.933 Thread 0x000000001ead3800 nmethod 6005 0x00000000035b9c90 code [0x00000000035b9e00, 0x00000000035b9fa8]
Event: 101.933 Thread 0x000000001ead3800 6006       2       org.springframework.orm.jpa.support.PersistenceAnnotationBeanPostProcessor::requiresDestruction (11 bytes)
Event: 101.933 Thread 0x000000001ead3800 nmethod 6006 0x00000000036418d0 code [0x0000000003641a40, 0x0000000003641bc8]
Event: 101.933 Thread 0x000000001ead3800 6007       2       org.springframework.beans.factory.annotation.InitDestroyAnnotationBeanPostProcessor::requiresDestruction (12 bytes)
Event: 101.934 Thread 0x000000001ead3800 nmethod 6007 0x0000000003641450 code [0x00000000036415c0, 0x0000000003641798]
Event: 101.934 Thread 0x000000001ead3800 6008       2       org.springframework.beans.factory.annotation.InitDestroyAnnotationBeanPostProcessor$LifecycleMetadata::hasDestroyMethods (33 bytes)
Event: 101.934 Thread 0x000000001ead3800 nmethod 6008 0x0000000003681d50 code [0x0000000003681ec0, 0x0000000003682068]

GC Heap History (10 events):
Event: 5.225 GC heap before
{Heap before GC invocations=9 (full 2):
 PSYoungGen      total 160256K, used 148992K [0x000000076b400000, 0x0000000779180000, 0x00000007c0000000)
  eden space 148992K, 100% used [0x000000076b400000,0x0000000774580000,0x0000000774580000)
  from space 11264K, 0% used [0x0000000775580000,0x0000000775580000,0x0000000776080000)
  to   space 16384K, 0% used [0x0000000774580000,0x0000000774580000,0x0000000775580000)
 ParOldGen       total 169984K, used 23545K [0x00000006c1c00000, 0x00000006cc200000, 0x000000076b400000)
  object space 169984K, 13% used [0x00000006c1c00000,0x00000006c32fe680,0x00000006cc200000)
 Metaspace       used 42512K, capacity 43702K, committed 43864K, reserved 1087488K
  class space    used 5476K, capacity 5755K, committed 5760K, reserved 1048576K
Event: 5.233 GC heap after
Heap after GC invocations=9 (full 2):
 PSYoungGen      total 165376K, used 10275K [0x000000076b400000, 0x000000077a480000, 0x00000007c0000000)
  eden space 148992K, 0% used [0x000000076b400000,0x000000076b400000,0x0000000774580000)
  from space 16384K, 62% used [0x0000000774580000,0x0000000774f88f78,0x0000000775580000)
  to   space 15360K, 0% used [0x0000000779580000,0x0000000779580000,0x000000077a480000)
 ParOldGen       total 169984K, used 23553K [0x00000006c1c00000, 0x00000006cc200000, 0x000000076b400000)
  object space 169984K, 13% used [0x00000006c1c00000,0x00000006c3300680,0x00000006cc200000)
 Metaspace       used 42512K, capacity 43702K, committed 43864K, reserved 1087488K
  class space    used 5476K, capacity 5755K, committed 5760K, reserved 1048576K
}
Event: 41.369 GC heap before
{Heap before GC invocations=10 (full 2):
 PSYoungGen      total 165376K, used 159267K [0x000000076b400000, 0x000000077a480000, 0x00000007c0000000)
  eden space 148992K, 100% used [0x000000076b400000,0x0000000774580000,0x0000000774580000)
  from space 16384K, 62% used [0x0000000774580000,0x0000000774f88f78,0x0000000775580000)
  to   space 15360K, 0% used [0x0000000779580000,0x0000000779580000,0x000000077a480000)
 ParOldGen       total 169984K, used 23553K [0x00000006c1c00000, 0x00000006cc200000, 0x000000076b400000)
  object space 169984K, 13% used [0x00000006c1c00000,0x00000006c3300680,0x00000006cc200000)
 Metaspace       used 52416K, capacity 53684K, committed 54232K, reserved 1095680K
  class space    used 6821K, capacity 7094K, committed 7168K, reserved 1048576K
Event: 41.378 GC heap after
Heap after GC invocations=10 (full 2):
 PSYoungGen      total 221184K, used 15356K [0x000000076b400000, 0x000000077a480000, 0x00000007c0000000)
  eden space 205824K, 0% used [0x000000076b400000,0x000000076b400000,0x0000000777d00000)
  from space 15360K, 99% used [0x0000000779580000,0x000000077a47f3d8,0x000000077a480000)
  to   space 17408K, 0% used [0x0000000778280000,0x0000000778280000,0x0000000779380000)
 ParOldGen       total 169984K, used 23925K [0x00000006c1c00000, 0x00000006cc200000, 0x000000076b400000)
  object space 169984K, 14% used [0x00000006c1c00000,0x00000006c335d688,0x00000006cc200000)
 Metaspace       used 52416K, capacity 53684K, committed 54232K, reserved 1095680K
  class space    used 6821K, capacity 7094K, committed 7168K, reserved 1048576K
}
Event: 100.993 GC heap before
{Heap before GC invocations=11 (full 2):
 PSYoungGen      total 221184K, used 221180K [0x000000076b400000, 0x000000077a480000, 0x00000007c0000000)
  eden space 205824K, 100% used [0x000000076b400000,0x0000000777d00000,0x0000000777d00000)
  from space 15360K, 99% used [0x0000000779580000,0x000000077a47f3d8,0x000000077a480000)
  to   space 17408K, 0% used [0x0000000778280000,0x0000000778280000,0x0000000779380000)
 ParOldGen       total 169984K, used 23925K [0x00000006c1c00000, 0x00000006cc200000, 0x000000076b400000)
  object space 169984K, 14% used [0x00000006c1c00000,0x00000006c335d688,0x00000006cc200000)
 Metaspace       used 56283K, capacity 57696K, committed 57944K, reserved 1099776K
  class space    used 7138K, capacity 7432K, committed 7552K, reserved 1048576K
Event: 101.004 GC heap after
Heap after GC invocations=11 (full 2):
 PSYoungGen      total 223232K, used 14301K [0x000000076b400000, 0x000000077a480000, 0x00000007c0000000)
  eden space 205824K, 0% used [0x000000076b400000,0x000000076b400000,0x0000000777d00000)
  from space 17408K, 82% used [0x0000000778280000,0x00000007790774e8,0x0000000779380000)
  to   space 15360K, 0% used [0x0000000779580000,0x0000000779580000,0x000000077a480000)
 ParOldGen       total 169984K, used 23933K [0x00000006c1c00000, 0x00000006cc200000, 0x000000076b400000)
  object space 169984K, 14% used [0x00000006c1c00000,0x00000006c335f688,0x00000006cc200000)
 Metaspace       used 56283K, capacity 57696K, committed 57944K, reserved 1099776K
  class space    used 7138K, capacity 7432K, committed 7552K, reserved 1048576K
}
Event: 101.670 GC heap before
{Heap before GC invocations=12 (full 2):
 PSYoungGen      total 223232K, used 112234K [0x000000076b400000, 0x000000077a480000, 0x00000007c0000000)
  eden space 205824K, 47% used [0x000000076b400000,0x00000007713a34e0,0x0000000777d00000)
  from space 17408K, 82% used [0x0000000778280000,0x00000007790774e8,0x0000000779380000)
  to   space 15360K, 0% used [0x0000000779580000,0x0000000779580000,0x000000077a480000)
 ParOldGen       total 169984K, used 23933K [0x00000006c1c00000, 0x00000006cc200000, 0x000000076b400000)
  object space 169984K, 14% used [0x00000006c1c00000,0x00000006c335f688,0x00000006cc200000)
 Metaspace       used 57442K, capacity 58956K, committed 59028K, reserved 1101824K
  class space    used 7274K, capacity 7580K, committed 7612K, reserved 1048576K
Event: 101.685 GC heap after
Heap after GC invocations=12 (full 2):
 PSYoungGen      total 227328K, used 15352K [0x000000076b400000, 0x000000077d080000, 0x00000007c0000000)
  eden space 211968K, 0% used [0x000000076b400000,0x000000076b400000,0x0000000778300000)
  from space 15360K, 99% used [0x0000000779580000,0x000000077a47e050,0x000000077a480000)
  to   space 18944K, 0% used [0x0000000778300000,0x0000000778300000,0x0000000779580000)
 ParOldGen       total 169984K, used 24928K [0x00000006c1c00000, 0x00000006cc200000, 0x000000076b400000)
  object space 169984K, 14% used [0x00000006c1c00000,0x00000006c3458288,0x00000006cc200000)
 Metaspace       used 57442K, capacity 58956K, committed 59028K, reserved 1101824K
  class space    used 7274K, capacity 7580K, committed 7612K, reserved 1048576K
}
Event: 101.685 GC heap before
{Heap before GC invocations=13 (full 3):
 PSYoungGen      total 227328K, used 15352K [0x000000076b400000, 0x000000077d080000, 0x00000007c0000000)
  eden space 211968K, 0% used [0x000000076b400000,0x000000076b400000,0x0000000778300000)
  from space 15360K, 99% used [0x0000000779580000,0x000000077a47e050,0x000000077a480000)
  to   space 18944K, 0% used [0x0000000778300000,0x0000000778300000,0x0000000779580000)
 ParOldGen       total 169984K, used 24928K [0x00000006c1c00000, 0x00000006cc200000, 0x000000076b400000)
  object space 169984K, 14% used [0x00000006c1c00000,0x00000006c3458288,0x00000006cc200000)
 Metaspace       used 57442K, capacity 58956K, committed 59028K, reserved 1101824K
  class space    used 7274K, capacity 7580K, committed 7612K, reserved 1048576K
Event: 101.853 GC heap after
Heap after GC invocations=13 (full 3):
 PSYoungGen      total 227328K, used 0K [0x000000076b400000, 0x000000077d080000, 0x00000007c0000000)
  eden space 211968K, 0% used [0x000000076b400000,0x000000076b400000,0x0000000778300000)
  from space 15360K, 0% used [0x0000000779580000,0x0000000779580000,0x000000077a480000)
  to   space 18944K, 0% used [0x0000000778300000,0x0000000778300000,0x0000000779580000)
 ParOldGen       total 169984K, used 34580K [0x00000006c1c00000, 0x00000006cc200000, 0x000000076b400000)
  object space 169984K, 20% used [0x00000006c1c00000,0x00000006c3dc5358,0x00000006cc200000)
 Metaspace       used 57442K, capacity 58956K, committed 59028K, reserved 1101824K
  class space    used 7274K, capacity 7580K, committed 7612K, reserved 1048576K
}

Deoptimization events (10 events):
Event: 101.528 Thread 0x0000000003032800 Uncommon trap: reason=unstable_if action=reinterpret pc=0x00000000043e8230 method=org.aspectj.weaver.reflect.JavaLangTypeToResolvedTypeConverter.fromType(Ljava/lang/reflect/Type;)Lorg/aspectj/weaver/ResolvedType; @ 103
Event: 101.529 Thread 0x0000000003032800 Uncommon trap: reason=unstable_if action=reinterpret pc=0x0000000003dd65e8 method=sun.reflect.generics.parser.SignatureParser.parseClassTypeSignatureSuffix(Ljava/util/List;)V @ 6
Event: 101.544 Thread 0x0000000003032800 Uncommon trap: reason=unstable_if action=reinterpret pc=0x0000000003dc69cc method=sun.reflect.generics.parser.SignatureParser.parseClassTypeSignatureSuffix(Ljava/util/List;)V @ 6
Event: 101.669 Thread 0x0000000024348800 Uncommon trap: reason=unstable_if action=reinterpret pc=0x0000000003fed8cc method=java.net.URLStreamHandler.parseURL(Ljava/net/URL;Ljava/lang/String;II)V @ 84
Event: 101.669 Thread 0x0000000024348800 Uncommon trap: reason=unstable_if action=reinterpret pc=0x0000000003549604 method=java.net.URL.set(Ljava/lang/String;Ljava/lang/String;ILjava/lang/String;Ljava/lang/String;Ljava/lang/String;Ljava/lang/String;Ljava/lang/String;)V @ 23
Event: 101.857 Thread 0x0000000024348800 Uncommon trap: reason=unstable_if action=reinterpret pc=0x0000000003b25fe4 method=java.net.URLStreamHandler.toExternalForm(Ljava/net/URL;)Ljava/lang/String; @ 24
Event: 101.858 Thread 0x0000000024348800 Uncommon trap: reason=unstable_if action=reinterpret pc=0x0000000003c9bb20 method=java.net.URI.match(CJJ)Z @ 45
Event: 101.860 Thread 0x0000000024348800 Uncommon trap: reason=unstable_if action=reinterpret pc=0x00000000032a4d18 method=java.lang.CharacterDataLatin1.digit(II)I @ 82
Event: 101.916 Thread 0x0000000003032800 Uncommon trap: reason=class_check action=maybe_recompile pc=0x000000000327c4d8 method=java.lang.reflect.Method.equals(Ljava/lang/Object;)Z @ 5
Event: 101.916 Thread 0x0000000003032800 Uncommon trap: reason=class_check action=maybe_recompile pc=0x000000000327c4d8 method=java.lang.reflect.Method.equals(Ljava/lang/Object;)Z @ 5

Classes redefined (0 events):
No events

Internal exceptions (10 events):
Event: 101.925 Thread 0x0000000003032800 Exception <a 'java/lang/ClassNotFoundException': java/lang/ObjectCustomizer> (0x000000076bfe9ad0) thrown at [C:\re\workspace\8-2-build-windows-amd64-cygwin\jdk8u181\11358\hotspot\src\share\vm\classfile\systemDictionary.cpp, line 210]
Event: 101.926 Thread 0x0000000003032800 Exception <a 'java/lang/ClassNotFoundException': springfox/documentation/swagger/web/SwaggerApiListingReaderCustomizer> (0x000000076c015348) thrown at [C:\re\workspace\8-2-build-windows-amd64-cygwin\jdk8u181\11358\hotspot\src\share\vm\classfile\systemDict
Event: 101.926 Thread 0x0000000003032800 Exception <a 'java/lang/ClassNotFoundException': springfox/documentation/spi/service/ApiListingBuilderPluginCustomizer> (0x000000076c040918) thrown at [C:\re\workspace\8-2-build-windows-amd64-cygwin\jdk8u181\11358\hotspot\src\share\vm\classfile\systemDict
Event: 101.927 Thread 0x0000000003032800 Exception <a 'java/lang/ClassNotFoundException': org/springframework/plugin/core/PluginCustomizer> (0x000000076c060550) thrown at [C:\re\workspace\8-2-build-windows-amd64-cygwin\jdk8u181\11358\hotspot\src\share\vm\classfile\systemDictionary.cpp, line 210]
Event: 101.929 Thread 0x0000000003032800 Exception <a 'java/lang/ClassNotFoundException': java/lang/ObjectCustomizer> (0x000000076c08fff8) thrown at [C:\re\workspace\8-2-build-windows-amd64-cygwin\jdk8u181\11358\hotspot\src\share\vm\classfile\systemDictionary.cpp, line 210]
Event: 101.930 Thread 0x0000000003032800 Exception <a 'java/lang/ClassNotFoundException': springfox/documentation/swagger/configuration/SwaggerCommonConfigurationCustomizer> (0x000000076c0c09d8) thrown at [C:\re\workspace\8-2-build-windows-amd64-cygwin\jdk8u181\11358\hotspot\src\share\vm\classfi
Event: 101.930 Thread 0x0000000003032800 Exception <a 'java/lang/ClassNotFoundException': springfox/documentation/swagger/configuration/SwaggerCommonConfiguration$$EnhancerBySpringCGLIB$$99bb9a8Customizer> (0x000000076c0fcd08) thrown at [C:\re\workspace\8-2-build-windows-amd64-cygwin\jdk8u181\11
Event: 101.931 Thread 0x0000000003032800 Exception <a 'java/lang/ClassNotFoundException': org/springframework/context/annotation/ConfigurationClassEnhancer$EnhancedConfigurationCustomizer> (0x000000076c1361f8) thrown at [C:\re\workspace\8-2-build-windows-amd64-cygwin\jdk8u181\11358\hotspot\src\s
Event: 101.932 Thread 0x0000000003032800 Exception <a 'java/lang/ClassNotFoundException': org/springframework/beans/factory/BeanFactoryAwareCustomizer> (0x000000076c15a8b8) thrown at [C:\re\workspace\8-2-build-windows-amd64-cygwin\jdk8u181\11358\hotspot\src\share\vm\classfile\systemDictionary.cp
Event: 101.932 Thread 0x0000000003032800 Exception <a 'java/lang/ClassNotFoundException': org/springframework/beans/factory/AwareCustomizer> (0x000000076c17b410) thrown at [C:\re\workspace\8-2-build-windows-amd64-cygwin\jdk8u181\11358\hotspot\src\share\vm\classfile\systemDictionary.cpp, line 210

Events (10 events):
Event: 101.942 loading class springfox/documentation/schema/DefaultGenericTypeNamingStrategy
Event: 101.942 loading class springfox/documentation/schema/DefaultGenericTypeNamingStrategy done
Event: 101.943 loading class springfox/documentation/builders/RequestHandlerSelectors
Event: 101.943 loading class springfox/documentation/builders/RequestHandlerSelectors done
Event: 101.943 loading class springfox/documentation/builders/RequestHandlerSelectors$2
Event: 101.943 loading class springfox/documentation/builders/RequestHandlerSelectors$2 done
Event: 101.944 loading class com/google/common/base/Predicates
Event: 101.944 loading class com/google/common/base/Predicates done
Event: 101.945 loading class com/google/common/base/Predicates$NotPredicate
Event: 101.945 loading class com/google/common/base/Predicates$NotPredicate done


Dynamic libraries:
0x00007ff7bd750000 - 0x00007ff7bd787000 	C:\Program Files\Java\jdk1.8.0_181\jre\bin\java.exe
0x00007ff8eece0000 - 0x00007ff8eeed0000 	C:\WINDOWS\SYSTEM32\ntdll.dll
0x00007ff8edf40000 - 0x00007ff8edff2000 	C:\WINDOWS\System32\KERNEL32.DLL
0x00007ff8ebdd0000 - 0x00007ff8ec073000 	C:\WINDOWS\System32\KERNELBASE.dll
0x00007ff8edb20000 - 0x00007ff8edbc3000 	C:\WINDOWS\System32\ADVAPI32.dll
0x00007ff8eda80000 - 0x00007ff8edb1e000 	C:\WINDOWS\System32\msvcrt.dll
0x00007ff8ecf10000 - 0x00007ff8ecfa7000 	C:\WINDOWS\System32\sechost.dll
0x00007ff8ed960000 - 0x00007ff8eda80000 	C:\WINDOWS\System32\RPCRT4.dll
0x00007ff8eea30000 - 0x00007ff8eebc4000 	C:\WINDOWS\System32\USER32.dll
0x00007ff8ecbe0000 - 0x00007ff8ecc01000 	C:\WINDOWS\System32\win32u.dll
0x00007ff8ecdb0000 - 0x00007ff8ecdd6000 	C:\WINDOWS\System32\GDI32.dll
0x00007ff8ec850000 - 0x00007ff8ec9e4000 	C:\WINDOWS\System32\gdi32full.dll
0x00007ff8ecc10000 - 0x00007ff8eccae000 	C:\WINDOWS\System32\msvcp_win.dll
0x00007ff8ebcd0000 - 0x00007ff8ebdca000 	C:\WINDOWS\System32\ucrtbase.dll
0x00007ff8e18b0000 - 0x00007ff8e1b35000 	C:\WINDOWS\WinSxS\amd64_microsoft.windows.common-controls_6595b64144ccf1df_6.0.18362.720_none_e6beb5c51314836b\COMCTL32.dll
0x00007ff8ecfb0000 - 0x00007ff8ed2e6000 	C:\WINDOWS\System32\combase.dll
0x00007ff8ecb60000 - 0x00007ff8ecbe0000 	C:\WINDOWS\System32\bcryptPrimitives.dll
0x00007ff8ed830000 - 0x00007ff8ed85e000 	C:\WINDOWS\System32\IMM32.DLL
0x0000000062130000 - 0x0000000062202000 	C:\Program Files\Java\jdk1.8.0_181\jre\bin\msvcr100.dll
0x0000000060460000 - 0x0000000060d02000 	C:\Program Files\Java\jdk1.8.0_181\jre\bin\server\jvm.dll
0x00007ff8ed860000 - 0x00007ff8ed868000 	C:\WINDOWS\System32\PSAPI.DLL
0x00007ff8e2170000 - 0x00007ff8e2194000 	C:\WINDOWS\SYSTEM32\WINMM.dll
0x00007ff8e5e70000 - 0x00007ff8e5e7a000 	C:\WINDOWS\SYSTEM32\VERSION.dll
0x00007ff8df7e0000 - 0x00007ff8df7e9000 	C:\WINDOWS\SYSTEM32\WSOCK32.dll
0x00007ff8ed870000 - 0x00007ff8ed8df000 	C:\WINDOWS\System32\WS2_32.dll
0x00007ff8e1f30000 - 0x00007ff8e1f5d000 	C:\WINDOWS\SYSTEM32\winmmbase.dll
0x00007ff8ec800000 - 0x00007ff8ec84a000 	C:\WINDOWS\System32\cfgmgr32.dll
0x0000000062120000 - 0x000000006212f000 	C:\Program Files\Java\jdk1.8.0_181\jre\bin\verify.dll
0x00000000620f0000 - 0x0000000062119000 	C:\Program Files\Java\jdk1.8.0_181\jre\bin\java.dll
0x00000000620d0000 - 0x00000000620e6000 	C:\Program Files\Java\jdk1.8.0_181\jre\bin\zip.dll
0x00007ff8ee170000 - 0x00007ff8ee855000 	C:\WINDOWS\System32\SHELL32.dll
0x00007ff8ee000000 - 0x00007ff8ee0a9000 	C:\WINDOWS\System32\shcore.dll
0x00007ff8ec080000 - 0x00007ff8ec800000 	C:\WINDOWS\System32\windows.storage.dll
0x00007ff8ebc40000 - 0x00007ff8ebc63000 	C:\WINDOWS\System32\profapi.dll
0x00007ff8ebbd0000 - 0x00007ff8ebc1a000 	C:\WINDOWS\System32\powrprof.dll
0x00007ff8ebba0000 - 0x00007ff8ebbb0000 	C:\WINDOWS\System32\UMPDC.dll
0x00007ff8eceb0000 - 0x00007ff8ecf02000 	C:\WINDOWS\System32\shlwapi.dll
0x00007ff8ebbb0000 - 0x00007ff8ebbc1000 	C:\WINDOWS\System32\kernel.appcore.dll
0x00007ff8ec9f0000 - 0x00007ff8eca07000 	C:\WINDOWS\System32\cryptsp.dll
0x0000000062050000 - 0x000000006205d000 	C:\Program Files\Java\jdk1.8.0_181\jre\bin\management.dll
0x0000000062080000 - 0x000000006209a000 	C:\Program Files\Java\jdk1.8.0_181\jre\bin\net.dll
0x00007ff8eb410000 - 0x00007ff8eb477000 	C:\WINDOWS\system32\mswsock.dll
0x0000000062060000 - 0x0000000062071000 	C:\Program Files\Java\jdk1.8.0_181\jre\bin\nio.dll
0x00007ff8da560000 - 0x00007ff8da576000 	C:\WINDOWS\system32\napinsp.dll
0x00007ff8d9b60000 - 0x00007ff8d9b7a000 	C:\WINDOWS\system32\pnrpnsp.dll
0x00007ff8eb160000 - 0x00007ff8eb22a000 	C:\WINDOWS\SYSTEM32\DNSAPI.dll
0x00007ff8ee160000 - 0x00007ff8ee168000 	C:\WINDOWS\System32\NSI.dll
0x00007ff8eb120000 - 0x00007ff8eb15a000 	C:\WINDOWS\SYSTEM32\IPHLPAPI.DLL
0x00007ff8da550000 - 0x00007ff8da55e000 	C:\WINDOWS\System32\winrnr.dll
0x00007ff8e5080000 - 0x00007ff8e509c000 	C:\WINDOWS\system32\NLAapi.dll
0x00007ff8e7200000 - 0x00007ff8e7215000 	C:\WINDOWS\system32\wshbth.dll
0x00007ff8e1ba0000 - 0x00007ff8e1baa000 	C:\Windows\System32\rasadhlp.dll
0x00007ff8e2e60000 - 0x00007ff8e2ed7000 	C:\WINDOWS\System32\fwpuclnt.dll
0x00007ff8eccb0000 - 0x00007ff8eccd6000 	C:\WINDOWS\System32\bcrypt.dll
0x0000000062020000 - 0x0000000062044000 	C:\Program Files\Java\jdk1.8.0_181\jre\bin\sunec.dll
0x0000000062010000 - 0x000000006201b000 	C:\Program Files\Java\jdk1.8.0_181\jre\bin\sunmscapi.dll
0x00007ff8eca10000 - 0x00007ff8ecb59000 	C:\WINDOWS\System32\CRYPT32.dll
0x00007ff8ebc20000 - 0x00007ff8ebc32000 	C:\WINDOWS\System32\MSASN1.dll
0x00007ff8eaf80000 - 0x00007ff8eafb3000 	C:\WINDOWS\system32\rsaenh.dll
0x00007ff8ebac0000 - 0x00007ff8ebae5000 	C:\WINDOWS\SYSTEM32\USERENV.dll
0x00007ff8eb5e0000 - 0x00007ff8eb5ec000 	C:\WINDOWS\SYSTEM32\CRYPTBASE.dll
0x00007ff8e40d0000 - 0x00007ff8e40e6000 	C:\WINDOWS\SYSTEM32\dhcpcsvc6.DLL
0x00007ff8e3fb0000 - 0x00007ff8e3fcc000 	C:\WINDOWS\SYSTEM32\dhcpcsvc.DLL

VM Arguments:
java_command: C:\Users\86133\AppData\Local\Temp\surefire7044080488933612139\surefirebooter4412106195854992898.jar C:\Users\86133\AppData\Local\Temp\surefire7044080488933612139 2020-03-30T11-52-30_157-jvmRun1 surefire4472017281103366956tmp surefire_08240937489612919949tmp
java_class_path (initial): C:\Users\86133\AppData\Local\Temp\surefire7044080488933612139\surefirebooter4412106195854992898.jar
Launcher Type: SUN_STANDARD

Environment Variables:
JAVA_HOME=C:\Program Files\Java\jdk1.8.0_181
CLASSPATH=C:\Program Files\Java\jdk1.8.0_181\jre\lib\rt.jar;.;
PATH=D:\app\86133\product\11.2.0\client_1;D:\app\86133\product\11.2.0\client_1\bin;D:\app\86133\product\11.2.0\client_2;D:\app\86133\product\11.2.0\client_2\bin;D:\app\86133\product\11.2.0\dbhome_1\bin;C:\Program Files (x86)\Common Files\Oracle\Java\javapath;C:\Program Files (x86)\Intel\Intel(R) Management Engine Components\iCLS\;C:\Program Files\Intel\Intel(R) Management Engine Components\iCLS\;C:\Windows\system32;C:\Windows;C:\Windows\System32\Wbem;C:\Windows\System32\WindowsPowerShell\v1.0\;C:\Windows\System32\OpenSSH\;C:\Program Files (x86)\Intel\Intel(R) Management Engine Components\DAL;C:\Program Files\Intel\Intel(R) Management Engine Components\DAL;C:\Program Files\Intel\WiFi\bin\;C:\Program Files\Common Files\Intel\WirelessCommon\;C:\Program Files (x86)\NVIDIA Corporation\PhysX\Common;C:\Program Files\NVIDIA Corporation\NVIDIA NvDLISR;C:\WINDOWS\system32;C:\WINDOWS;C:\WINDOWS\System32\Wbem;C:\WINDOWS\System32\WindowsPowerShell\v1.0\;C:\WINDOWS\System32\OpenSSH\;C:\Program Files\Java\jdk1.8.0_181\bin;F:\apache-maven-3.3.9\bin;C:\Program Files\TortoiseSVN\bin;C:\Program Files\IDM Computer Solutions\UltraEdit;C:\Program Files\IDM Computer Solutions\UltraCompare;C:\Users\86133\AppData\Local\Microsoft\WindowsApps;;D:\
USERNAME=86133
OS=Windows_NT
PROCESSOR_IDENTIFIER=Intel64 Family 6 Model 142 Stepping 10, GenuineIntel



---------------  S Y S T E M  ---------------

OS: Windows 10.0 , 64 bit Build 18362 (10.0.18362.329)

CPU:total 8 (initial active 8) (4 cores per cpu, 2 threads per core) family 6 model 142 stepping 10, cmov, cx8, fxsr, mmx, sse, sse2, sse3, ssse3, sse4.1, sse4.2, popcnt, avx, avx2, aes, clmul, erms, 3dnowpref, lzcnt, ht, tsc, tscinvbit, bmi1, bmi2, adx

Memory: 4k page, physical 16658152k(5284172k free), swap 27143908k(6320k free)

vm_info: Java HotSpot(TM) 64-Bit Server VM (25.181-b13) for windows-amd64 JRE (1.8.0_181-b13), built on Jul  7 2018 04:01:33 by "java_re" with MS VC++ 10.0 (VS2010)

time: Mon Mar 30 11:54:12 2020
elapsed time: 101 seconds (0d 0h 1m 41s)

