#
# There is insufficient memory for the Java Runtime Environment to continue.
# Native memory allocation (malloc) failed to allocate 687216 bytes for Chunk::new
# Possible reasons:
#   The system is out of physical RAM or swap space
#   In 32 bit mode, the process size limit was hit
# Possible solutions:
#   Reduce memory load on the system
#   Increase physical memory or swap space
#   Check if swap backing store is full
#   Use 64 bit Java on a 64 bit OS
#   Decrease Java heap size (-Xmx/-Xms)
#   Decrease number of Java threads
#   Decrease Java thread stack sizes (-Xss)
#   Set larger code cache with -XX:ReservedCodeCacheSize=
# This output file may be truncated or incomplete.
#
#  Out of Memory Error (allocation.cpp:390), pid=1632, tid=0x0000000000004da4
#
# JRE version: Java(TM) SE Runtime Environment (8.0_181-b13) (build 1.8.0_181-b13)
# Java VM: Java HotSpot(TM) 64-Bit Server VM (25.181-b13 mixed mode windows-amd64 compressed oops)
# Failed to write core dump. Minidumps are not enabled by default on client versions of Windows
#

---------------  T H R E A D  ---------------

Current thread (0x000000001ea93000):  JavaThread "C2 CompilerThread1" daemon [_thread_in_native, id=19876, stack(0x000000001f2d0000,0x000000001f3d0000)]

Stack: [0x000000001f2d0000,0x000000001f3d0000]
[error occurred during error reporting (printing stack bounds), id 0xc0000005]

Native frames: (J=compiled Java code, j=interpreted, Vv=VM code, C=native code)


Current CompileTask:
C2:   5377 4273   !   4       java.net.URLClassLoader$1::run (63 bytes)


---------------  P R O C E S S  ---------------

Java Threads: ( => current thread )
  0x000000001eb3d000 JavaThread "Service Thread" daemon [_thread_blocked, id=24424, stack(0x000000001f5d0000,0x000000001f6d0000)]
  0x000000001ea9e000 JavaThread "C1 CompilerThread3" daemon [_thread_blocked, id=24000, stack(0x000000001f4d0000,0x000000001f5d0000)]
  0x000000001ea99000 JavaThread "C2 CompilerThread2" daemon [_thread_in_native, id=12228, stack(0x000000001f3d0000,0x000000001f4d0000)]
=>0x000000001ea93000 JavaThread "C2 CompilerThread1" daemon [_thread_in_native, id=19876, stack(0x000000001f2d0000,0x000000001f3d0000)]
  0x000000001ea8f800 JavaThread "C2 CompilerThread0" daemon [_thread_in_vm, id=30020, stack(0x000000001f1d0000,0x000000001f2d0000)]
  0x000000001ea6e000 JavaThread "Monitor Ctrl-Break" daemon [_thread_in_native, id=27868, stack(0x000000001f0d0000,0x000000001f1d0000)]
  0x000000001ea5e000 JavaThread "Attach Listener" daemon [_thread_blocked, id=27604, stack(0x000000001efd0000,0x000000001f0d0000)]
  0x000000001ea09000 JavaThread "Signal Dispatcher" daemon [_thread_blocked, id=27956, stack(0x000000001eed0000,0x000000001efd0000)]
  0x000000001e9f0800 JavaThread "Finalizer" daemon [_thread_blocked, id=28820, stack(0x000000001edd0000,0x000000001eed0000)]
  0x00000000030d8000 JavaThread "Reference Handler" daemon [_thread_blocked, id=10428, stack(0x000000001e8d0000,0x000000001e9d0000)]
  0x0000000002fe2800 JavaThread "main" [_thread_in_native, id=8488, stack(0x0000000002910000,0x0000000002a10000)]

Other Threads:
  0x000000001caf9800 VMThread [stack: 0x000000001e7d0000,0x000000001e8d0000] [id=26808]
  0x000000001eb6c800 WatcherThread [stack: 0x000000001f6d0000,0x000000001f7d0000] [id=6832]

VM state:not at safepoint (normal execution)

VM Mutex/Monitor currently owned by a thread: None

Heap:
 PSYoungGen      total 61440K, used 11796K [0x000000076b400000, 0x0000000774180000, 0x00000007c0000000)
  eden space 50688K, 2% used [0x000000076b400000,0x000000076b506920,0x000000076e580000)
  from space 10752K, 99% used [0x000000076fe80000,0x00000007708fe9f0,0x0000000770900000)
  to   space 25600K, 0% used [0x000000076e580000,0x000000076e580000,0x000000076fe80000)
 ParOldGen       total 133120K, used 43959K [0x00000006c1c00000, 0x00000006c9e00000, 0x000000076b400000)
  object space 133120K, 33% used [0x00000006c1c00000,0x00000006c46ede38,0x00000006c9e00000)
 Metaspace       used 22550K, capacity 22996K, committed 23216K, reserved 1069056K
  class space    used 2622K, capacity 2780K, committed 2816K, reserved 1048576K

Card table byte_map: [0x00000000124a0000,0x0000000012ca0000] byte_map_base: 0x000000000ee92000

Marking Bits: (ParMarkBitMap*) 0x0000000061532d00
 Begin Bits: [0x00000000139f0000, 0x0000000017980000)
 End Bits:   [0x0000000017980000, 0x000000001b910000)

Polling page: 0x0000000001100000

CodeCache: size=245760Kb used=15328Kb max_used=15506Kb free=230431Kb
 bounds [0x00000000030e0000, 0x0000000004080000, 0x00000000120e0000]
 total_blobs=4271 nmethods=3877 adapters=305
 compilation: enabled

Compilation events (10 events):
Event: 5.374 Thread 0x000000001ea8f800 nmethod 4373 0x00000000035fd090 code [0x00000000035fd420, 0x00000000035ffc18]
Event: 5.374 Thread 0x000000001ea9e000 nmethod 4467 0x0000000003200510 code [0x0000000003200740, 0x00000000032013f8]
Event: 5.375 Thread 0x000000001ea8f800 4468       4       com.sun.tools.javac.code.Symbol::<init> (43 bytes)
Event: 5.375 Thread 0x000000001ea9e000 4469       3       com.sun.tools.javac.jvm.ClassReader::findTypeVar (81 bytes)
Event: 5.375 Thread 0x000000001ea8f800 nmethod 4468 0x0000000003226750 code [0x0000000003226880, 0x0000000003226918]
Event: 5.375 Thread 0x000000001ea9e000 nmethod 4469 0x0000000003273a90 code [0x0000000003273cc0, 0x0000000003274858]
Event: 5.376 Thread 0x000000001ea9e000 4470       3       com.sun.tools.javac.jvm.ClassReader::readTypeOrClassSymbol (31 bytes)
Event: 5.376 Thread 0x000000001ea9e000 nmethod 4470 0x0000000003279b10 code [0x0000000003279cc0, 0x000000000327a0f8]
Event: 5.376 Thread 0x000000001ea9e000 4471       3       com.sun.tools.javac.jvm.ClassReader$AnnotationDeproxy::<init> (52 bytes)
Event: 5.376 Thread 0x000000001ea9e000 nmethod 4471 0x00000000032732d0 code [0x0000000003273460, 0x0000000003273888]

GC Heap History (10 events):
Event: 3.305 GC heap before
{Heap before GC invocations=5 (full 0):
 PSYoungGen      total 76288K, used 76264K [0x000000076b400000, 0x0000000770900000, 0x00000007c0000000)
  eden space 65536K, 100% used [0x000000076b400000,0x000000076f400000,0x000000076f400000)
  from space 10752K, 99% used [0x000000076fe80000,0x00000007708fa040,0x0000000770900000)
  to   space 10752K, 0% used [0x000000076f400000,0x000000076f400000,0x000000076fe80000)
 ParOldGen       total 175104K, used 13185K [0x00000006c1c00000, 0x00000006cc700000, 0x000000076b400000)
  object space 175104K, 7% used [0x00000006c1c00000,0x00000006c28e0488,0x00000006cc700000)
 Metaspace       used 17678K, capacity 18112K, committed 18432K, reserved 1064960K
  class space    used 2053K, capacity 2196K, committed 2304K, reserved 1048576K
Event: 3.314 GC heap after
Heap after GC invocations=5 (full 0):
 PSYoungGen      total 76288K, used 10728K [0x000000076b400000, 0x0000000770900000, 0x00000007c0000000)
  eden space 65536K, 0% used [0x000000076b400000,0x000000076b400000,0x000000076f400000)
  from space 10752K, 99% used [0x000000076f400000,0x000000076fe7a040,0x000000076fe80000)
  to   space 10752K, 0% used [0x000000076fe80000,0x000000076fe80000,0x0000000770900000)
 ParOldGen       total 175104K, used 17492K [0x00000006c1c00000, 0x00000006cc700000, 0x000000076b400000)
  object space 175104K, 9% used [0x00000006c1c00000,0x00000006c2d150c0,0x00000006cc700000)
 Metaspace       used 17678K, capacity 18112K, committed 18432K, reserved 1064960K
  class space    used 2053K, capacity 2196K, committed 2304K, reserved 1048576K
}
Event: 3.510 GC heap before
{Heap before GC invocations=6 (full 0):
 PSYoungGen      total 76288K, used 34262K [0x000000076b400000, 0x0000000770900000, 0x00000007c0000000)
  eden space 65536K, 35% used [0x000000076b400000,0x000000076cafb810,0x000000076f400000)
  from space 10752K, 99% used [0x000000076f400000,0x000000076fe7a040,0x000000076fe80000)
  to   space 10752K, 0% used [0x000000076fe80000,0x000000076fe80000,0x0000000770900000)
 ParOldGen       total 175104K, used 17492K [0x00000006c1c00000, 0x00000006cc700000, 0x000000076b400000)
  object space 175104K, 9% used [0x00000006c1c00000,0x00000006c2d150c0,0x00000006cc700000)
 Metaspace       used 20769K, capacity 21172K, committed 21296K, reserved 1069056K
  class space    used 2488K, capacity 2620K, committed 2688K, reserved 1048576K
Event: 3.519 GC heap after
Heap after GC invocations=6 (full 0):
 PSYoungGen      total 76288K, used 10721K [0x000000076b400000, 0x0000000770900000, 0x00000007c0000000)
  eden space 65536K, 0% used [0x000000076b400000,0x000000076b400000,0x000000076f400000)
  from space 10752K, 99% used [0x000000076fe80000,0x00000007708f8730,0x0000000770900000)
  to   space 10752K, 0% used [0x000000076f400000,0x000000076f400000,0x000000076fe80000)
 ParOldGen       total 175104K, used 18649K [0x00000006c1c00000, 0x00000006cc700000, 0x000000076b400000)
  object space 175104K, 10% used [0x00000006c1c00000,0x00000006c2e36670,0x00000006cc700000)
 Metaspace       used 20769K, capacity 21172K, committed 21296K, reserved 1069056K
  class space    used 2488K, capacity 2620K, committed 2688K, reserved 1048576K
}
Event: 3.519 GC heap before
{Heap before GC invocations=7 (full 1):
 PSYoungGen      total 76288K, used 10721K [0x000000076b400000, 0x0000000770900000, 0x00000007c0000000)
  eden space 65536K, 0% used [0x000000076b400000,0x000000076b400000,0x000000076f400000)
  from space 10752K, 99% used [0x000000076fe80000,0x00000007708f8730,0x0000000770900000)
  to   space 10752K, 0% used [0x000000076f400000,0x000000076f400000,0x000000076fe80000)
 ParOldGen       total 175104K, used 18649K [0x00000006c1c00000, 0x00000006cc700000, 0x000000076b400000)
  object space 175104K, 10% used [0x00000006c1c00000,0x00000006c2e36670,0x00000006cc700000)
 Metaspace       used 20769K, capacity 21172K, committed 21296K, reserved 1069056K
  class space    used 2488K, capacity 2620K, committed 2688K, reserved 1048576K
Event: 3.601 GC heap after
Heap after GC invocations=7 (full 1):
 PSYoungGen      total 76288K, used 0K [0x000000076b400000, 0x0000000770900000, 0x00000007c0000000)
  eden space 65536K, 0% used [0x000000076b400000,0x000000076b400000,0x000000076f400000)
  from space 10752K, 0% used [0x000000076fe80000,0x000000076fe80000,0x0000000770900000)
  to   space 10752K, 0% used [0x000000076f400000,0x000000076f400000,0x000000076fe80000)
 ParOldGen       total 133120K, used 25163K [0x00000006c1c00000, 0x00000006c9e00000, 0x000000076b400000)
  object space 133120K, 18% used [0x00000006c1c00000,0x00000006c3492fd0,0x00000006c9e00000)
 Metaspace       used 20769K, capacity 21172K, committed 21296K, reserved 1069056K
  class space    used 2488K, capacity 2620K, committed 2688K, reserved 1048576K
}
Event: 4.554 GC heap before
{Heap before GC invocations=8 (full 1):
 PSYoungGen      total 76288K, used 65536K [0x000000076b400000, 0x0000000770900000, 0x00000007c0000000)
  eden space 65536K, 100% used [0x000000076b400000,0x000000076f400000,0x000000076f400000)
  from space 10752K, 0% used [0x000000076fe80000,0x000000076fe80000,0x0000000770900000)
  to   space 10752K, 0% used [0x000000076f400000,0x000000076f400000,0x000000076fe80000)
 ParOldGen       total 133120K, used 25163K [0x00000006c1c00000, 0x00000006c9e00000, 0x000000076b400000)
  object space 133120K, 18% used [0x00000006c1c00000,0x00000006c3492fd0,0x00000006c9e00000)
 Metaspace       used 22014K, capacity 22452K, committed 22704K, reserved 1069056K
  class space    used 2595K, capacity 2748K, committed 2816K, reserved 1048576K
Event: 4.560 GC heap after
Heap after GC invocations=8 (full 1):
 PSYoungGen      total 76288K, used 9984K [0x000000076b400000, 0x0000000770900000, 0x00000007c0000000)
  eden space 65536K, 0% used [0x000000076b400000,0x000000076b400000,0x000000076f400000)
  from space 10752K, 92% used [0x000000076f400000,0x000000076fdc00b0,0x000000076fe80000)
  to   space 10752K, 0% used [0x000000076fe80000,0x000000076fe80000,0x0000000770900000)
 ParOldGen       total 133120K, used 25171K [0x00000006c1c00000, 0x00000006c9e00000, 0x000000076b400000)
  object space 133120K, 18% used [0x00000006c1c00000,0x00000006c3494fd0,0x00000006c9e00000)
 Metaspace       used 22014K, capacity 22452K, committed 22704K, reserved 1069056K
  class space    used 2595K, capacity 2748K, committed 2816K, reserved 1048576K
}
Event: 5.358 GC heap before
{Heap before GC invocations=9 (full 1):
 PSYoungGen      total 76288K, used 75520K [0x000000076b400000, 0x0000000770900000, 0x00000007c0000000)
  eden space 65536K, 100% used [0x000000076b400000,0x000000076f400000,0x000000076f400000)
  from space 10752K, 92% used [0x000000076f400000,0x000000076fdc00b0,0x000000076fe80000)
  to   space 10752K, 0% used [0x000000076fe80000,0x000000076fe80000,0x0000000770900000)
 ParOldGen       total 133120K, used 25171K [0x00000006c1c00000, 0x00000006c9e00000, 0x000000076b400000)
  object space 133120K, 18% used [0x00000006c1c00000,0x00000006c3494fd0,0x00000006c9e00000)
 Metaspace       used 22548K, capacity 22996K, committed 23216K, reserved 1069056K
  class space    used 2622K, capacity 2780K, committed 2816K, reserved 1048576K
Event: 5.371 GC heap after
Heap after GC invocations=9 (full 1):
 PSYoungGen      total 61440K, used 10746K [0x000000076b400000, 0x0000000774180000, 0x00000007c0000000)
  eden space 50688K, 0% used [0x000000076b400000,0x000000076b400000,0x000000076e580000)
  from space 10752K, 99% used [0x000000076fe80000,0x00000007708fe9f0,0x0000000770900000)
  to   space 25600K, 0% used [0x000000076e580000,0x000000076e580000,0x000000076fe80000)
 ParOldGen       total 133120K, used 43959K [0x00000006c1c00000, 0x00000006c9e00000, 0x000000076b400000)
  object space 133120K, 33% used [0x00000006c1c00000,0x00000006c46ede38,0x00000006c9e00000)
 Metaspace       used 22548K, capacity 22996K, committed 23216K, reserved 1069056K
  class space    used 2622K, capacity 2780K, committed 2816K, reserved 1048576K
}

Deoptimization events (10 events):
Event: 5.055 Thread 0x0000000002fe2800 Uncommon trap: reason=array_check action=maybe_recompile pc=0x000000000325a810 method=java.util.ComparableTimSort.binarySort([Ljava/lang/Object;III)V @ 183
Event: 5.072 Thread 0x0000000002fe2800 Uncommon trap: reason=predicate action=maybe_recompile pc=0x000000000362b6c0 method=java.util.ComparableTimSort.reverseRange([Ljava/lang/Object;II)V @ 8
Event: 5.091 Thread 0x0000000002fe2800 Uncommon trap: reason=array_check action=maybe_recompile pc=0x0000000003b8a988 method=java.util.ComparableTimSort.reverseRange([Ljava/lang/Object;II)V @ 20
Event: 5.092 Thread 0x0000000002fe2800 Uncommon trap: reason=array_check action=maybe_recompile pc=0x0000000003b8a988 method=java.util.ComparableTimSort.reverseRange([Ljava/lang/Object;II)V @ 20
Event: 5.092 Thread 0x0000000002fe2800 Uncommon trap: reason=array_check action=maybe_recompile pc=0x0000000003b8a988 method=java.util.ComparableTimSort.reverseRange([Ljava/lang/Object;II)V @ 20
Event: 5.092 Thread 0x0000000002fe2800 Uncommon trap: reason=array_check action=maybe_recompile pc=0x0000000003b8a988 method=java.util.ComparableTimSort.reverseRange([Ljava/lang/Object;II)V @ 20
Event: 5.229 Thread 0x0000000002fe2800 Uncommon trap: reason=unstable_if action=reinterpret pc=0x0000000003969004 method=com.sun.tools.javac.file.ZipFileIndex.getFiles(Lcom/sun/tools/javac/file/RelativePath$RelativeDirectory;)Lcom/sun/tools/javac/util/List; @ 19
Event: 5.247 Thread 0x0000000002fe2800 Uncommon trap: reason=unstable_if action=reinterpret pc=0x000000000370ec74 method=com.sun.tools.javac.code.Scope.getIndex(Lcom/sun/tools/javac/util/Name;)I @ 60
Event: 5.259 Thread 0x0000000002fe2800 Uncommon trap: reason=unstable_if action=reinterpret pc=0x000000000330a27c method=java.lang.CharacterDataLatin1.isJavaIdentifierPart(I)Z @ 11
Event: 5.291 Thread 0x0000000002fe2800 Uncommon trap: reason=unstable_if action=reinterpret pc=0x000000000362e474 method=com.sun.tools.javac.util.ArrayUtils.ensureCapacity([BI)[B @ 3

Classes redefined (0 events):
No events

Internal exceptions (10 events):
Event: 4.995 Thread 0x0000000002fe2800 Exception <a 'java/io/FileNotFoundException'> (0x000000076c86cd48) thrown at [C:\re\workspace\8-2-build-windows-amd64-cygwin\jdk8u181\11358\hotspot\src\share\vm\prims\jni.cpp, line 709]
Event: 5.045 Thread 0x0000000002fe2800 Exception <a 'java/io/FileNotFoundException'> (0x000000076d126a18) thrown at [C:\re\workspace\8-2-build-windows-amd64-cygwin\jdk8u181\11358\hotspot\src\share\vm\prims\jni.cpp, line 709]
Event: 5.106 Thread 0x0000000002fe2800 Exception <a 'java/io/FileNotFoundException'> (0x000000076d991e28) thrown at [C:\re\workspace\8-2-build-windows-amd64-cygwin\jdk8u181\11358\hotspot\src\share\vm\prims\jni.cpp, line 709]
Event: 5.106 Thread 0x0000000002fe2800 Exception <a 'java/io/FileNotFoundException'> (0x000000076d992bb0) thrown at [C:\re\workspace\8-2-build-windows-amd64-cygwin\jdk8u181\11358\hotspot\src\share\vm\prims\jni.cpp, line 709]
Event: 5.106 Thread 0x0000000002fe2800 Exception <a 'java/io/FileNotFoundException'> (0x000000076d993978) thrown at [C:\re\workspace\8-2-build-windows-amd64-cygwin\jdk8u181\11358\hotspot\src\share\vm\prims\jni.cpp, line 709]
Event: 5.106 Thread 0x0000000002fe2800 Exception <a 'java/io/FileNotFoundException'> (0x000000076d994750) thrown at [C:\re\workspace\8-2-build-windows-amd64-cygwin\jdk8u181\11358\hotspot\src\share\vm\prims\jni.cpp, line 709]
Event: 5.112 Thread 0x0000000002fe2800 Exception <a 'java/io/FileNotFoundException'> (0x000000076da4dcb8) thrown at [C:\re\workspace\8-2-build-windows-amd64-cygwin\jdk8u181\11358\hotspot\src\share\vm\prims\jni.cpp, line 709]
Event: 5.112 Thread 0x0000000002fe2800 Exception <a 'java/io/FileNotFoundException'> (0x000000076da4e900) thrown at [C:\re\workspace\8-2-build-windows-amd64-cygwin\jdk8u181\11358\hotspot\src\share\vm\prims\jni.cpp, line 709]
Event: 5.112 Thread 0x0000000002fe2800 Exception <a 'java/io/FileNotFoundException'> (0x000000076da4f548) thrown at [C:\re\workspace\8-2-build-windows-amd64-cygwin\jdk8u181\11358\hotspot\src\share\vm\prims\jni.cpp, line 709]
Event: 5.113 Thread 0x0000000002fe2800 Exception <a 'java/io/FileNotFoundException'> (0x000000076da59af0) thrown at [C:\re\workspace\8-2-build-windows-amd64-cygwin\jdk8u181\11358\hotspot\src\share\vm\prims\jni.cpp, line 709]

Events (10 events):
Event: 5.375 Thread 0x000000001ea9e000 flushing nmethod 0x0000000003421ad0
Event: 5.375 Thread 0x000000001ea9e000 flushing nmethod 0x00000000034784d0
Event: 5.376 Thread 0x000000001ea9e000 flushing nmethod 0x000000000349a6d0
Event: 5.376 Thread 0x000000001ea9e000 flushing nmethod 0x000000000349c7d0
Event: 5.376 Thread 0x000000001ea9e000 flushing nmethod 0x000000000349ff90
Event: 5.376 Thread 0x000000001ea9e000 flushing nmethod 0x00000000034b8390
Event: 5.376 Thread 0x000000001ea9e000 flushing nmethod 0x00000000034bb950
Event: 5.376 Thread 0x000000001ea9e000 flushing nmethod 0x00000000034bc690
Event: 5.376 Thread 0x000000001ea9e000 flushing nmethod 0x00000000034e5d50
Event: 5.376 Thread 0x000000001ea9e000 flushing nmethod 0x00000000035f8dd0


Dynamic libraries:
0x00007ff630770000 - 0x00007ff6307a7000 	C:\Program Files\Java\jdk1.8.0_181\bin\java.exe
0x00007ff8eece0000 - 0x00007ff8eeed0000 	C:\WINDOWS\SYSTEM32\ntdll.dll
0x00007ff8edf40000 - 0x00007ff8edff2000 	C:\WINDOWS\System32\KERNEL32.DLL
0x00007ff8ebdd0000 - 0x00007ff8ec073000 	C:\WINDOWS\System32\KERNELBASE.dll
0x00007ff8edb20000 - 0x00007ff8edbc3000 	C:\WINDOWS\System32\ADVAPI32.dll
0x00007ff8eda80000 - 0x00007ff8edb1e000 	C:\WINDOWS\System32\msvcrt.dll
0x00007ff8ecf10000 - 0x00007ff8ecfa7000 	C:\WINDOWS\System32\sechost.dll
0x00007ff8ed960000 - 0x00007ff8eda80000 	C:\WINDOWS\System32\RPCRT4.dll
0x00007ff8eea30000 - 0x00007ff8eebc4000 	C:\WINDOWS\System32\USER32.dll
0x00007ff8ecbe0000 - 0x00007ff8ecc01000 	C:\WINDOWS\System32\win32u.dll
0x00007ff8ecdb0000 - 0x00007ff8ecdd6000 	C:\WINDOWS\System32\GDI32.dll
0x00007ff8ec850000 - 0x00007ff8ec9e4000 	C:\WINDOWS\System32\gdi32full.dll
0x00007ff8ecc10000 - 0x00007ff8eccae000 	C:\WINDOWS\System32\msvcp_win.dll
0x00007ff8ebcd0000 - 0x00007ff8ebdca000 	C:\WINDOWS\System32\ucrtbase.dll
0x00007ff8e18b0000 - 0x00007ff8e1b35000 	C:\WINDOWS\WinSxS\amd64_microsoft.windows.common-controls_6595b64144ccf1df_6.0.18362.720_none_e6beb5c51314836b\COMCTL32.dll
0x00007ff8ecfb0000 - 0x00007ff8ed2e6000 	C:\WINDOWS\System32\combase.dll
0x00007ff8ecb60000 - 0x00007ff8ecbe0000 	C:\WINDOWS\System32\bcryptPrimitives.dll
0x00007ff8ed830000 - 0x00007ff8ed85e000 	C:\WINDOWS\System32\IMM32.DLL
0x00000000629e0000 - 0x0000000062ab2000 	C:\Program Files\Java\jdk1.8.0_181\jre\bin\msvcr100.dll
0x0000000060d10000 - 0x00000000615b2000 	C:\Program Files\Java\jdk1.8.0_181\jre\bin\server\jvm.dll
0x00007ff8ed860000 - 0x00007ff8ed868000 	C:\WINDOWS\System32\PSAPI.DLL
0x00007ff8df7e0000 - 0x00007ff8df7e9000 	C:\WINDOWS\SYSTEM32\WSOCK32.dll
0x00007ff8e5e70000 - 0x00007ff8e5e7a000 	C:\WINDOWS\SYSTEM32\VERSION.dll
0x00007ff8e2170000 - 0x00007ff8e2194000 	C:\WINDOWS\SYSTEM32\WINMM.dll
0x00007ff8ed870000 - 0x00007ff8ed8df000 	C:\WINDOWS\System32\WS2_32.dll
0x00007ff8e1f30000 - 0x00007ff8e1f5d000 	C:\WINDOWS\SYSTEM32\winmmbase.dll
0x00007ff8ec800000 - 0x00007ff8ec84a000 	C:\WINDOWS\System32\cfgmgr32.dll
0x00000000629d0000 - 0x00000000629df000 	C:\Program Files\Java\jdk1.8.0_181\jre\bin\verify.dll
0x00000000629a0000 - 0x00000000629c9000 	C:\Program Files\Java\jdk1.8.0_181\jre\bin\java.dll
0x0000000062630000 - 0x0000000062653000 	C:\Program Files\Java\jdk1.8.0_181\jre\bin\instrument.dll
0x0000000062960000 - 0x0000000062976000 	C:\Program Files\Java\jdk1.8.0_181\jre\bin\zip.dll
0x00007ff8ee170000 - 0x00007ff8ee855000 	C:\WINDOWS\System32\SHELL32.dll
0x00007ff8ee000000 - 0x00007ff8ee0a9000 	C:\WINDOWS\System32\shcore.dll
0x00007ff8ec080000 - 0x00007ff8ec800000 	C:\WINDOWS\System32\windows.storage.dll
0x00007ff8ebc40000 - 0x00007ff8ebc63000 	C:\WINDOWS\System32\profapi.dll
0x00007ff8ebbd0000 - 0x00007ff8ebc1a000 	C:\WINDOWS\System32\powrprof.dll
0x00007ff8ebba0000 - 0x00007ff8ebbb0000 	C:\WINDOWS\System32\UMPDC.dll
0x00007ff8eceb0000 - 0x00007ff8ecf02000 	C:\WINDOWS\System32\shlwapi.dll
0x00007ff8ebbb0000 - 0x00007ff8ebbc1000 	C:\WINDOWS\System32\kernel.appcore.dll
0x00007ff8ec9f0000 - 0x00007ff8eca07000 	C:\WINDOWS\System32\cryptsp.dll
0x00007ff8e5cc0000 - 0x00007ff8e5cda000 	C:\Program Files (x86)\JetBrains\IntelliJ IDEA 2017.1\bin\breakgen64.dll
0x0000000062940000 - 0x000000006295a000 	C:\Program Files\Java\jdk1.8.0_181\jre\bin\net.dll
0x00007ff8eb410000 - 0x00007ff8eb477000 	C:\WINDOWS\system32\mswsock.dll
0x0000000062920000 - 0x0000000062931000 	C:\Program Files\Java\jdk1.8.0_181\jre\bin\nio.dll

VM Arguments:
jvm_args: -Dmaven.multiModuleProjectDirectory=F:\bm_code\https -Dmaven.home=F:\apache-maven-3.3.9 -Dclassworlds.conf=F:\apache-maven-3.3.9\bin\m2.conf -javaagent:C:\Program Files (x86)\JetBrains\IntelliJ IDEA 2017.1\lib\idea_rt.jar=63982:C:\Program Files (x86)\JetBrains\IntelliJ IDEA 2017.1\bin -Dfile.encoding=UTF-8 
java_command: org.codehaus.classworlds.Launcher -Didea.version=2017.1 package
java_class_path (initial): F:\apache-maven-3.3.9\boot\plexus-classworlds-2.5.2.jar;C:\Program Files (x86)\JetBrains\IntelliJ IDEA 2017.1\lib\idea_rt.jar
Launcher Type: SUN_STANDARD

Environment Variables:
JAVA_HOME=C:\Program Files\Java\jdk1.8.0_181
CLASSPATH=C:\Program Files\Java\jdk1.8.0_181\jre\lib\rt.jar;.;
PATH=D:\app\86133\product\11.2.0\client_1;D:\app\86133\product\11.2.0\client_1\bin;D:\app\86133\product\11.2.0\client_2;D:\app\86133\product\11.2.0\client_2\bin;D:\app\86133\product\11.2.0\dbhome_1\bin;C:\Program Files (x86)\Common Files\Oracle\Java\javapath;C:\Program Files (x86)\Intel\Intel(R) Management Engine Components\iCLS\;C:\Program Files\Intel\Intel(R) Management Engine Components\iCLS\;C:\Windows\system32;C:\Windows;C:\Windows\System32\Wbem;C:\Windows\System32\WindowsPowerShell\v1.0\;C:\Windows\System32\OpenSSH\;C:\Program Files (x86)\Intel\Intel(R) Management Engine Components\DAL;C:\Program Files\Intel\Intel(R) Management Engine Components\DAL;C:\Program Files\Intel\WiFi\bin\;C:\Program Files\Common Files\Intel\WirelessCommon\;C:\Program Files (x86)\NVIDIA Corporation\PhysX\Common;C:\Program Files\NVIDIA Corporation\NVIDIA NvDLISR;C:\WINDOWS\system32;C:\WINDOWS;C:\WINDOWS\System32\Wbem;C:\WINDOWS\System32\WindowsPowerShell\v1.0\;C:\WINDOWS\System32\OpenSSH\;C:\Program Files\Java\jdk1.8.0_181\bin;F:\apache-maven-3.3.9\bin;C:\Program Files\TortoiseSVN\bin;C:\Program Files\IDM Computer Solutions\UltraEdit;C:\Program Files\IDM Computer Solutions\UltraCompare;C:\Users\86133\AppData\Local\Microsoft\WindowsApps;;D:\
USERNAME=86133
OS=Windows_NT
PROCESSOR_IDENTIFIER=Intel64 Family 6 Model 142 Stepping 10, GenuineIntel



---------------  S Y S T E M  ---------------

OS: Windows 10.0 , 64 bit Build 18362 (10.0.18362.329)

CPU:total 8 (initial active 8) (4 cores per cpu, 2 threads per core) family 6 model 142 stepping 10, cmov, cx8, fxsr, mmx, sse, sse2, sse3, ssse3, sse4.1, sse4.2, popcnt, avx, avx2, aes, clmul, erms, 3dnowpref, lzcnt, ht, tsc, tscinvbit, bmi1, bmi2, adx

Memory: 4k page, physical 16658152k(7786784k free), swap 27143908k(5356k free)

vm_info: Java HotSpot(TM) 64-Bit Server VM (25.181-b13) for windows-amd64 JRE (1.8.0_181-b13), built on Jul  7 2018 04:01:33 by "java_re" with MS VC++ 10.0 (VS2010)

time: Fri Apr 17 10:41:57 2020
elapsed time: 5 seconds (0d 0h 0m 5s)

