#
# There is insufficient memory for the Java Runtime Environment to continue.
# Native memory allocation (malloc) failed to allocate 320816 bytes for Chunk::new
# Possible reasons:
#   The system is out of physical RAM or swap space
#   In 32 bit mode, the process size limit was hit
# Possible solutions:
#   Reduce memory load on the system
#   Increase physical memory or swap space
#   Check if swap backing store is full
#   Use 64 bit Java on a 64 bit OS
#   Decrease Java heap size (-Xmx/-Xms)
#   Decrease number of Java threads
#   Decrease Java thread stack sizes (-Xss)
#   Set larger code cache with -XX:ReservedCodeCacheSize=
# This output file may be truncated or incomplete.
#
#  Out of Memory Error (allocation.cpp:390), pid=24144, tid=0x0000000000004a74
#
# JRE version: Java(TM) SE Runtime Environment (8.0_181-b13) (build 1.8.0_181-b13)
# Java VM: Java HotSpot(TM) 64-Bit Server VM (25.181-b13 mixed mode windows-amd64 compressed oops)
# Failed to write core dump. Minidumps are not enabled by default on client versions of Windows
#

---------------  T H R E A D  ---------------

Current thread (0x000000001e729800):  JavaThread "C2 CompilerThread2" daemon [_thread_in_native, id=19060, stack(0x000000001f060000,0x000000001f160000)]

Stack: [0x000000001f060000,0x000000001f160000]
[error occurred during error reporting (printing stack bounds), id 0xc0000005]

Native frames: (J=compiled Java code, j=interpreted, Vv=VM code, C=native code)


Current CompileTask:
C2: 122880 6985  s!   4       sun.misc.URLClassPath::getLoader (243 bytes)


---------------  P R O C E S S  ---------------

Java Threads: ( => current thread )
  0x000000002454a800 JavaThread "Thread-4" [_thread_in_native, id=1556, stack(0x0000000026850000,0x0000000026950000)]
  0x000000002454b800 JavaThread "Thread-3" [_thread_in_native, id=23356, stack(0x0000000026750000,0x0000000026850000)]
  0x0000000024546000 JavaThread "Thread-2" [_thread_blocked, id=27728, stack(0x0000000026650000,0x0000000026750000)]
  0x0000000024547000 JavaThread "ThreadedStreamConsumer" daemon [_thread_blocked, id=18048, stack(0x0000000026550000,0x0000000026650000)]
  0x0000000022380000 JavaThread "ping-timer-10s" daemon [_thread_blocked, id=26408, stack(0x0000000026350000,0x0000000026450000)]
  0x0000000024732800 JavaThread "timeout-check-timer" daemon [_thread_blocked, id=26120, stack(0x0000000026250000,0x0000000026350000)]
  0x0000000020061800 JavaThread "resolver-5" daemon [_thread_blocked, id=4760, stack(0x0000000026150000,0x0000000026250000)]
  0x000000002220e800 JavaThread "resolver-4" daemon [_thread_blocked, id=23532, stack(0x0000000026050000,0x0000000026150000)]
  0x000000002186a000 JavaThread "resolver-3" daemon [_thread_blocked, id=1716, stack(0x0000000025f50000,0x0000000026050000)]
  0x000000001fa1d000 JavaThread "resolver-2" daemon [_thread_blocked, id=27876, stack(0x0000000024e00000,0x0000000024f00000)]
  0x00000000250ae800 JavaThread "resolver-1" daemon [_thread_blocked, id=25012, stack(0x0000000024a80000,0x0000000024b80000)]
  0x000000001e7d0800 JavaThread "Service Thread" daemon [_thread_blocked, id=6128, stack(0x000000001f260000,0x000000001f360000)]
  0x000000001e72e800 JavaThread "C1 CompilerThread3" daemon [_thread_in_vm, id=15488, stack(0x000000001f160000,0x000000001f260000)]
=>0x000000001e729800 JavaThread "C2 CompilerThread2" daemon [_thread_in_native, id=19060, stack(0x000000001f060000,0x000000001f160000)]
  0x000000001e723800 JavaThread "C2 CompilerThread1" daemon [_thread_blocked, id=22028, stack(0x000000001ef60000,0x000000001f060000)]
  0x000000001e717800 JavaThread "C2 CompilerThread0" daemon [_thread_blocked, id=8700, stack(0x000000001ee60000,0x000000001ef60000)]
  0x000000001e709000 JavaThread "Monitor Ctrl-Break" daemon [_thread_in_native, id=9768, stack(0x000000001ed60000,0x000000001ee60000)]
  0x000000001e699000 JavaThread "Attach Listener" daemon [_thread_blocked, id=26972, stack(0x000000001ec60000,0x000000001ed60000)]
  0x000000001e6f0000 JavaThread "Signal Dispatcher" daemon [_thread_blocked, id=28268, stack(0x000000001eb60000,0x000000001ec60000)]
  0x0000000002d79800 JavaThread "Finalizer" daemon [_thread_blocked, id=18708, stack(0x000000001ea60000,0x000000001eb60000)]
  0x0000000002d78000 JavaThread "Reference Handler" daemon [_thread_blocked, id=25568, stack(0x000000001e560000,0x000000001e660000)]
  0x0000000002c82800 JavaThread "main" [_thread_in_native, id=23752, stack(0x0000000002610000,0x0000000002710000)]

Other Threads:
  0x000000001c799800 VMThread [stack: 0x000000001e460000,0x000000001e560000] [id=20960]
  0x000000001e80c800 WatcherThread [stack: 0x000000001f370000,0x000000001f470000] [id=19304]

VM state:not at safepoint (normal execution)

VM Mutex/Monitor currently owned by a thread: None

Heap:
 PSYoungGen      total 272896K, used 224424K [0x000000076b400000, 0x0000000784100000, 0x00000007c0000000)
  eden space 262144K, 81% used [0x000000076b400000,0x00000007784aaf78,0x000000077b400000)
  from space 10752K, 99% used [0x000000077b400000,0x000000077be7f220,0x000000077be80000)
  to   space 34304K, 0% used [0x0000000781f80000,0x0000000781f80000,0x0000000784100000)
 ParOldGen       total 146944K, used 50007K [0x00000006c1c00000, 0x00000006cab80000, 0x000000076b400000)
  object space 146944K, 34% used [0x00000006c1c00000,0x00000006c4cd5ed8,0x00000006cab80000)
 Metaspace       used 27030K, capacity 27564K, committed 27776K, reserved 1073152K
  class space    used 2974K, capacity 3167K, committed 3200K, reserved 1048576K

Card table byte_map: [0x0000000012140000,0x0000000012940000] byte_map_base: 0x000000000eb32000

Marking Bits: (ParMarkBitMap*) 0x0000000060c82d00
 Begin Bits: [0x0000000013690000, 0x0000000017620000)
 End Bits:   [0x0000000017620000, 0x000000001b5b0000)

Polling page: 0x00000000008c0000

CodeCache: size=245760Kb used=21159Kb max_used=22502Kb free=224600Kb
 bounds [0x0000000002d80000, 0x00000000043a0000, 0x0000000011d80000]
 total_blobs=6128 nmethods=5698 adapters=341
 compilation: enabled

Compilation events (10 events):
Event: 122.473 Thread 0x000000001e72e800 nmethod 6981 0x0000000003e80050 code [0x0000000003e801e0, 0x0000000003e80728]
Event: 122.473 Thread 0x000000001e72e800 6982  s    3       org.apache.maven.plugin.surefire.report.Utf8RecodingDeferredFileOutputStream::write (131 bytes)
Event: 122.474 Thread 0x000000001e72e800 nmethod 6982 0x0000000003564550 code [0x0000000003564960, 0x00000000035679c8]
Event: 122.474 Thread 0x000000001e72e800 6983       3       org.apache.maven.surefire.shade.org.apache.commons.io.output.ThresholdingOutputStream::write (27 bytes)
Event: 122.475 Thread 0x000000001e72e800 nmethod 6983 0x0000000003ea1ed0 code [0x0000000003ea2060, 0x0000000003ea25a8]
Event: 122.726 Thread 0x000000001e72e800 6984       3       org.apache.maven.plugin.surefire.booterclient.output.ForkClient$OperationalData::<init> (78 bytes)
Event: 122.727 Thread 0x000000001e72e800 nmethod 6984 0x0000000003020f50 code [0x00000000030211c0, 0x0000000003022128]
Event: 122.850 Thread 0x000000001e729800 6985  s!   4       sun.misc.URLClassPath::getLoader (243 bytes)
Event: 122.854 Thread 0x000000001e72e800 6986       3       java.util.Calendar::internalGet (7 bytes)
Event: 122.854 Thread 0x000000001e72e800 nmethod 6986 0x000000000385e390 code [0x000000000385e4e0, 0x000000000385e650]

GC Heap History (10 events):
Event: 1.553 GC heap before
{Heap before GC invocations=2 (full 0):
 PSYoungGen      total 76288K, used 75435K [0x000000076b400000, 0x0000000774900000, 0x00000007c0000000)
  eden space 65536K, 99% used [0x000000076b400000,0x000000076f3ff280,0x000000076f400000)
  from space 10752K, 92% used [0x000000076f400000,0x000000076fdaba68,0x000000076fe80000)
  to   space 10752K, 0% used [0x0000000773e80000,0x0000000773e80000,0x0000000774900000)
 ParOldGen       total 175104K, used 16K [0x00000006c1c00000, 0x00000006cc700000, 0x000000076b400000)
  object space 175104K, 0% used [0x00000006c1c00000,0x00000006c1c04000,0x00000006cc700000)
 Metaspace       used 15211K, capacity 15546K, committed 15872K, reserved 1062912K
  class space    used 1846K, capacity 1945K, committed 2048K, reserved 1048576K
Event: 1.563 GC heap after
Heap after GC invocations=2 (full 0):
 PSYoungGen      total 141824K, used 10734K [0x000000076b400000, 0x0000000774900000, 0x00000007c0000000)
  eden space 131072K, 0% used [0x000000076b400000,0x000000076b400000,0x0000000773400000)
  from space 10752K, 99% used [0x0000000773e80000,0x00000007748fb930,0x0000000774900000)
  to   space 10752K, 0% used [0x0000000773400000,0x0000000773400000,0x0000000773e80000)
 ParOldGen       total 175104K, used 1439K [0x00000006c1c00000, 0x00000006cc700000, 0x000000076b400000)
  object space 175104K, 0% used [0x00000006c1c00000,0x00000006c1d67d28,0x00000006cc700000)
 Metaspace       used 15211K, capacity 15546K, committed 15872K, reserved 1062912K
  class space    used 1846K, capacity 1945K, committed 2048K, reserved 1048576K
}
Event: 2.545 GC heap before
{Heap before GC invocations=3 (full 0):
 PSYoungGen      total 141824K, used 141806K [0x000000076b400000, 0x0000000774900000, 0x00000007c0000000)
  eden space 131072K, 100% used [0x000000076b400000,0x0000000773400000,0x0000000773400000)
  from space 10752K, 99% used [0x0000000773e80000,0x00000007748fb930,0x0000000774900000)
  to   space 10752K, 0% used [0x0000000773400000,0x0000000773400000,0x0000000773e80000)
 ParOldGen       total 175104K, used 1439K [0x00000006c1c00000, 0x00000006cc700000, 0x000000076b400000)
  object space 175104K, 0% used [0x00000006c1c00000,0x00000006c1d67d28,0x00000006cc700000)
 Metaspace       used 16038K, capacity 16394K, committed 16640K, reserved 1064960K
  class space    used 1883K, capacity 1985K, committed 2048K, reserved 1048576K
Event: 2.561 GC heap after
Heap after GC invocations=3 (full 0):
 PSYoungGen      total 141824K, used 10744K [0x000000076b400000, 0x000000077c900000, 0x00000007c0000000)
  eden space 131072K, 0% used [0x000000076b400000,0x000000076b400000,0x0000000773400000)
  from space 10752K, 99% used [0x0000000773400000,0x0000000773e7e030,0x0000000773e80000)
  to   space 10752K, 0% used [0x000000077be80000,0x000000077be80000,0x000000077c900000)
 ParOldGen       total 175104K, used 12514K [0x00000006c1c00000, 0x00000006cc700000, 0x000000076b400000)
  object space 175104K, 7% used [0x00000006c1c00000,0x00000006c28389f0,0x00000006cc700000)
 Metaspace       used 16038K, capacity 16394K, committed 16640K, reserved 1064960K
  class space    used 1883K, capacity 1985K, committed 2048K, reserved 1048576K
}
Event: 3.900 GC heap before
{Heap before GC invocations=4 (full 0):
 PSYoungGen      total 141824K, used 90114K [0x000000076b400000, 0x000000077c900000, 0x00000007c0000000)
  eden space 131072K, 60% used [0x000000076b400000,0x0000000770182a68,0x0000000773400000)
  from space 10752K, 99% used [0x0000000773400000,0x0000000773e7e030,0x0000000773e80000)
  to   space 10752K, 0% used [0x000000077be80000,0x000000077be80000,0x000000077c900000)
 ParOldGen       total 175104K, used 12514K [0x00000006c1c00000, 0x00000006cc700000, 0x000000076b400000)
  object space 175104K, 7% used [0x00000006c1c00000,0x00000006c28389f0,0x00000006cc700000)
 Metaspace       used 20739K, capacity 21172K, committed 21296K, reserved 1069056K
  class space    used 2491K, capacity 2620K, committed 2688K, reserved 1048576K
Event: 3.919 GC heap after
Heap after GC invocations=4 (full 0):
 PSYoungGen      total 272896K, used 10750K [0x000000076b400000, 0x000000077c900000, 0x00000007c0000000)
  eden space 262144K, 0% used [0x000000076b400000,0x000000076b400000,0x000000077b400000)
  from space 10752K, 99% used [0x000000077be80000,0x000000077c8ffbc8,0x000000077c900000)
  to   space 10752K, 0% used [0x000000077b400000,0x000000077b400000,0x000000077be80000)
 ParOldGen       total 175104K, used 17128K [0x00000006c1c00000, 0x00000006cc700000, 0x000000076b400000)
  object space 175104K, 9% used [0x00000006c1c00000,0x00000006c2cba1e8,0x00000006cc700000)
 Metaspace       used 20739K, capacity 21172K, committed 21296K, reserved 1069056K
  class space    used 2491K, capacity 2620K, committed 2688K, reserved 1048576K
}
Event: 3.919 GC heap before
{Heap before GC invocations=5 (full 1):
 PSYoungGen      total 272896K, used 10750K [0x000000076b400000, 0x000000077c900000, 0x00000007c0000000)
  eden space 262144K, 0% used [0x000000076b400000,0x000000076b400000,0x000000077b400000)
  from space 10752K, 99% used [0x000000077be80000,0x000000077c8ffbc8,0x000000077c900000)
  to   space 10752K, 0% used [0x000000077b400000,0x000000077b400000,0x000000077be80000)
 ParOldGen       total 175104K, used 17128K [0x00000006c1c00000, 0x00000006cc700000, 0x000000076b400000)
  object space 175104K, 9% used [0x00000006c1c00000,0x00000006c2cba1e8,0x00000006cc700000)
 Metaspace       used 20739K, capacity 21172K, committed 21296K, reserved 1069056K
  class space    used 2491K, capacity 2620K, committed 2688K, reserved 1048576K
Event: 4.033 GC heap after
Heap after GC invocations=5 (full 1):
 PSYoungGen      total 272896K, used 0K [0x000000076b400000, 0x000000077c900000, 0x00000007c0000000)
  eden space 262144K, 0% used [0x000000076b400000,0x000000076b400000,0x000000077b400000)
  from space 10752K, 0% used [0x000000077be80000,0x000000077be80000,0x000000077c900000)
  to   space 10752K, 0% used [0x000000077b400000,0x000000077b400000,0x000000077be80000)
 ParOldGen       total 146944K, used 25705K [0x00000006c1c00000, 0x00000006cab80000, 0x000000076b400000)
  object space 146944K, 17% used [0x00000006c1c00000,0x00000006c351a468,0x00000006cab80000)
 Metaspace       used 20739K, capacity 21172K, committed 21296K, reserved 1069056K
  class space    used 2491K, capacity 2620K, committed 2688K, reserved 1048576K
}
Event: 7.249 GC heap before
{Heap before GC invocations=6 (full 1):
 PSYoungGen      total 272896K, used 262144K [0x000000076b400000, 0x000000077c900000, 0x00000007c0000000)
  eden space 262144K, 100% used [0x000000076b400000,0x000000077b400000,0x000000077b400000)
  from space 10752K, 0% used [0x000000077be80000,0x000000077be80000,0x000000077c900000)
  to   space 10752K, 0% used [0x000000077b400000,0x000000077b400000,0x000000077be80000)
 ParOldGen       total 146944K, used 25705K [0x00000006c1c00000, 0x00000006cab80000, 0x000000076b400000)
  object space 146944K, 17% used [0x00000006c1c00000,0x00000006c351a468,0x00000006cab80000)
 Metaspace       used 24823K, capacity 25236K, committed 25472K, reserved 1071104K
  class space    used 2778K, capacity 2908K, committed 2944K, reserved 1048576K
Event: 7.272 GC heap after
Heap after GC invocations=6 (full 1):
 PSYoungGen      total 272896K, used 10748K [0x000000076b400000, 0x0000000784100000, 0x00000007c0000000)
  eden space 262144K, 0% used [0x000000076b400000,0x000000076b400000,0x000000077b400000)
  from space 10752K, 99% used [0x000000077b400000,0x000000077be7f220,0x000000077be80000)
  to   space 34304K, 0% used [0x0000000781f80000,0x0000000781f80000,0x0000000784100000)
 ParOldGen       total 146944K, used 50007K [0x00000006c1c00000, 0x00000006cab80000, 0x000000076b400000)
  object space 146944K, 34% used [0x00000006c1c00000,0x00000006c4cd5ed8,0x00000006cab80000)
 Metaspace       used 24823K, capacity 25236K, committed 25472K, reserved 1071104K
  class space    used 2778K, capacity 2908K, committed 2944K, reserved 1048576K
}

Deoptimization events (10 events):
Event: 8.621 Thread 0x0000000002c82800 Uncommon trap: reason=class_check action=maybe_recompile pc=0x000000000355d488 method=java.util.Collections$UnmodifiableMap$UnmodifiableEntrySet$UnmodifiableEntry.getKey()Ljava/lang/Object; @ 4
Event: 8.621 Thread 0x0000000002c82800 Uncommon trap: reason=class_check action=maybe_recompile pc=0x00000000035693c8 method=java.util.Collections$UnmodifiableMap$UnmodifiableEntrySet$UnmodifiableEntry.getValue()Ljava/lang/Object; @ 4
Event: 8.621 Thread 0x0000000002c82800 Uncommon trap: reason=class_check action=maybe_recompile pc=0x00000000034e90d0 method=java.util.Collections$UnmodifiableMap$UnmodifiableEntrySet$1.hasNext()Z @ 4
Event: 8.621 Thread 0x0000000002c82800 Uncommon trap: reason=class_check action=maybe_recompile pc=0x00000000035583b4 method=java.util.Collections$UnmodifiableMap$UnmodifiableEntrySet$1.next()Ljava/util/Map$Entry; @ 8
Event: 8.621 Thread 0x0000000002c82800 Uncommon trap: reason=class_check action=maybe_recompile pc=0x000000000355d488 method=java.util.Collections$UnmodifiableMap$UnmodifiableEntrySet$UnmodifiableEntry.getKey()Ljava/lang/Object; @ 4
Event: 8.621 Thread 0x0000000002c82800 Uncommon trap: reason=class_check action=maybe_recompile pc=0x00000000035693c8 method=java.util.Collections$UnmodifiableMap$UnmodifiableEntrySet$UnmodifiableEntry.getValue()Ljava/lang/Object; @ 4
Event: 8.621 Thread 0x0000000002c82800 Uncommon trap: reason=class_check action=maybe_recompile pc=0x00000000034e90d0 method=java.util.Collections$UnmodifiableMap$UnmodifiableEntrySet$1.hasNext()Z @ 4
Event: 8.621 Thread 0x0000000002c82800 Uncommon trap: reason=class_check action=maybe_recompile pc=0x00000000035583b4 method=java.util.Collections$UnmodifiableMap$UnmodifiableEntrySet$1.next()Ljava/util/Map$Entry; @ 8
Event: 8.621 Thread 0x0000000002c82800 Uncommon trap: reason=class_check action=maybe_recompile pc=0x000000000355d488 method=java.util.Collections$UnmodifiableMap$UnmodifiableEntrySet$UnmodifiableEntry.getKey()Ljava/lang/Object; @ 4
Event: 8.621 Thread 0x0000000002c82800 Uncommon trap: reason=class_check action=maybe_recompile pc=0x00000000035693c8 method=java.util.Collections$UnmodifiableMap$UnmodifiableEntrySet$UnmodifiableEntry.getValue()Ljava/lang/Object; @ 4

Classes redefined (0 events):
No events

Internal exceptions (10 events):
Event: 5.495 Thread 0x0000000002c82800 Exception <a 'java/io/FileNotFoundException'> (0x00000007708ee9d0) thrown at [C:\re\workspace\8-2-build-windows-amd64-cygwin\jdk8u181\11358\hotspot\src\share\vm\prims\jni.cpp, line 709]
Event: 7.904 Thread 0x0000000002c82800 Exception <a 'java/security/PrivilegedActionException'> (0x0000000772e12340) thrown at [C:\re\workspace\8-2-build-windows-amd64-cygwin\jdk8u181\11358\hotspot\src\share\vm\prims\jvm.cpp, line 1435]
Event: 7.904 Thread 0x0000000002c82800 Exception <a 'java/security/PrivilegedActionException'> (0x0000000772e12738) thrown at [C:\re\workspace\8-2-build-windows-amd64-cygwin\jdk8u181\11358\hotspot\src\share\vm\prims\jvm.cpp, line 1435]
Event: 7.904 Thread 0x0000000002c82800 Exception <a 'java/security/PrivilegedActionException'> (0x0000000772e13d40) thrown at [C:\re\workspace\8-2-build-windows-amd64-cygwin\jdk8u181\11358\hotspot\src\share\vm\prims\jvm.cpp, line 1435]
Event: 7.904 Thread 0x0000000002c82800 Exception <a 'java/security/PrivilegedActionException'> (0x0000000772e14138) thrown at [C:\re\workspace\8-2-build-windows-amd64-cygwin\jdk8u181\11358\hotspot\src\share\vm\prims\jvm.cpp, line 1435]
Event: 7.942 Thread 0x0000000002c82800 Exception <a 'java/io/FileNotFoundException'> (0x0000000772fa6d48) thrown at [C:\re\workspace\8-2-build-windows-amd64-cygwin\jdk8u181\11358\hotspot\src\share\vm\prims\jni.cpp, line 709]
Event: 7.942 Thread 0x0000000002c82800 Exception <a 'java/io/FileNotFoundException'> (0x0000000772fa8668) thrown at [C:\re\workspace\8-2-build-windows-amd64-cygwin\jdk8u181\11358\hotspot\src\share\vm\prims\jni.cpp, line 709]
Event: 7.951 Thread 0x0000000002c82800 Exception <a 'java/io/FileNotFoundException'> (0x0000000772fdbaa8) thrown at [C:\re\workspace\8-2-build-windows-amd64-cygwin\jdk8u181\11358\hotspot\src\share\vm\prims\jni.cpp, line 709]
Event: 8.158 Thread 0x0000000002c82800 Exception <a 'java/lang/NoSuchMethodError': org.apache.maven.execution.MavenExecutionRequest.getFailureBehavior()Ljava/lang/String;> (0x00000007743e9370) thrown at [C:\re\workspace\8-2-build-windows-amd64-cygwin\jdk8u181\11358\hotspot\src\share\vm\interpr
Event: 8.163 Thread 0x00000000250ae800 Implicit null exception at 0x00000000032edb19 to 0x00000000032ee2ed

Events (10 events):
Event: 122.849 loading class org/apache/maven/plugin/surefire/booterclient/output/InPluginProcessDumpSingleton
Event: 122.849 loading class org/apache/maven/plugin/surefire/booterclient/output/InPluginProcessDumpSingleton done
Event: 122.849 loading class org/apache/maven/plugin/surefire/booterclient/output/InPluginProcessDumpSingleton
Event: 122.849 loading class org/apache/maven/plugin/surefire/booterclient/output/InPluginProcessDumpSingleton done
Event: 122.850 loading class org/apache/maven/plugin/surefire/booterclient/output/InPluginProcessDumpSingleton
Event: 122.850 loading class org/apache/maven/plugin/surefire/booterclient/output/InPluginProcessDumpSingleton done
Event: 122.851 loading class java/lang/Throwable$WrappedPrintWriter
Event: 122.851 loading class java/lang/Throwable$PrintStreamOrWriter
Event: 122.852 loading class java/lang/Throwable$PrintStreamOrWriter done
Event: 122.852 loading class java/lang/Throwable$WrappedPrintWriter done


Dynamic libraries:
0x00007ff630770000 - 0x00007ff6307a7000 	C:\Program Files\Java\jdk1.8.0_181\bin\java.exe
0x00007ff8eece0000 - 0x00007ff8eeed0000 	C:\WINDOWS\SYSTEM32\ntdll.dll
0x00007ff8edf40000 - 0x00007ff8edff2000 	C:\WINDOWS\System32\KERNEL32.DLL
0x00007ff8ebdd0000 - 0x00007ff8ec073000 	C:\WINDOWS\System32\KERNELBASE.dll
0x00007ff8edb20000 - 0x00007ff8edbc3000 	C:\WINDOWS\System32\ADVAPI32.dll
0x00007ff8eda80000 - 0x00007ff8edb1e000 	C:\WINDOWS\System32\msvcrt.dll
0x00007ff8ecf10000 - 0x00007ff8ecfa7000 	C:\WINDOWS\System32\sechost.dll
0x00007ff8ed960000 - 0x00007ff8eda80000 	C:\WINDOWS\System32\RPCRT4.dll
0x00007ff8eea30000 - 0x00007ff8eebc4000 	C:\WINDOWS\System32\USER32.dll
0x00007ff8ecbe0000 - 0x00007ff8ecc01000 	C:\WINDOWS\System32\win32u.dll
0x00007ff8ecdb0000 - 0x00007ff8ecdd6000 	C:\WINDOWS\System32\GDI32.dll
0x00007ff8ec850000 - 0x00007ff8ec9e4000 	C:\WINDOWS\System32\gdi32full.dll
0x00007ff8ecc10000 - 0x00007ff8eccae000 	C:\WINDOWS\System32\msvcp_win.dll
0x00007ff8ebcd0000 - 0x00007ff8ebdca000 	C:\WINDOWS\System32\ucrtbase.dll
0x00007ff8e18b0000 - 0x00007ff8e1b35000 	C:\WINDOWS\WinSxS\amd64_microsoft.windows.common-controls_6595b64144ccf1df_6.0.18362.720_none_e6beb5c51314836b\COMCTL32.dll
0x00007ff8ecfb0000 - 0x00007ff8ed2e6000 	C:\WINDOWS\System32\combase.dll
0x00007ff8ecb60000 - 0x00007ff8ecbe0000 	C:\WINDOWS\System32\bcryptPrimitives.dll
0x00007ff8ed830000 - 0x00007ff8ed85e000 	C:\WINDOWS\System32\IMM32.DLL
0x0000000062130000 - 0x0000000062202000 	C:\Program Files\Java\jdk1.8.0_181\jre\bin\msvcr100.dll
0x0000000060460000 - 0x0000000060d02000 	C:\Program Files\Java\jdk1.8.0_181\jre\bin\server\jvm.dll
0x00007ff8ed860000 - 0x00007ff8ed868000 	C:\WINDOWS\System32\PSAPI.DLL
0x00007ff8e2170000 - 0x00007ff8e2194000 	C:\WINDOWS\SYSTEM32\WINMM.dll
0x00007ff8e5e70000 - 0x00007ff8e5e7a000 	C:\WINDOWS\SYSTEM32\VERSION.dll
0x00007ff8df7e0000 - 0x00007ff8df7e9000 	C:\WINDOWS\SYSTEM32\WSOCK32.dll
0x00007ff8ed870000 - 0x00007ff8ed8df000 	C:\WINDOWS\System32\WS2_32.dll
0x00007ff8e1f30000 - 0x00007ff8e1f5d000 	C:\WINDOWS\SYSTEM32\WINMMBASE.dll
0x00007ff8ec800000 - 0x00007ff8ec84a000 	C:\WINDOWS\System32\cfgmgr32.dll
0x0000000062120000 - 0x000000006212f000 	C:\Program Files\Java\jdk1.8.0_181\jre\bin\verify.dll
0x00000000620f0000 - 0x0000000062119000 	C:\Program Files\Java\jdk1.8.0_181\jre\bin\java.dll
0x00000000620a0000 - 0x00000000620c3000 	C:\Program Files\Java\jdk1.8.0_181\jre\bin\instrument.dll
0x00000000620d0000 - 0x00000000620e6000 	C:\Program Files\Java\jdk1.8.0_181\jre\bin\zip.dll
0x00007ff8ee170000 - 0x00007ff8ee855000 	C:\WINDOWS\System32\SHELL32.dll
0x00007ff8ee000000 - 0x00007ff8ee0a9000 	C:\WINDOWS\System32\shcore.dll
0x00007ff8ec080000 - 0x00007ff8ec800000 	C:\WINDOWS\System32\windows.storage.dll
0x00007ff8ebc40000 - 0x00007ff8ebc63000 	C:\WINDOWS\System32\profapi.dll
0x00007ff8ebbd0000 - 0x00007ff8ebc1a000 	C:\WINDOWS\System32\powrprof.dll
0x00007ff8ebba0000 - 0x00007ff8ebbb0000 	C:\WINDOWS\System32\UMPDC.dll
0x00007ff8eceb0000 - 0x00007ff8ecf02000 	C:\WINDOWS\System32\shlwapi.dll
0x00007ff8ebbb0000 - 0x00007ff8ebbc1000 	C:\WINDOWS\System32\kernel.appcore.dll
0x00007ff8ec9f0000 - 0x00007ff8eca07000 	C:\WINDOWS\System32\cryptsp.dll
0x00007ff8deec0000 - 0x00007ff8deeda000 	C:\Program Files (x86)\JetBrains\IntelliJ IDEA 2017.1\bin\breakgen64.dll
0x0000000062080000 - 0x000000006209a000 	C:\Program Files\Java\jdk1.8.0_181\jre\bin\net.dll
0x00007ff8eb410000 - 0x00007ff8eb477000 	C:\WINDOWS\system32\mswsock.dll
0x0000000062060000 - 0x0000000062071000 	C:\Program Files\Java\jdk1.8.0_181\jre\bin\nio.dll
0x0000000062050000 - 0x000000006205d000 	C:\Program Files\Java\jdk1.8.0_181\jre\bin\management.dll
0x00007ff8da560000 - 0x00007ff8da576000 	C:\WINDOWS\system32\napinsp.dll
0x00007ff8d9b60000 - 0x00007ff8d9b7a000 	C:\WINDOWS\system32\pnrpnsp.dll
0x00007ff8eb160000 - 0x00007ff8eb22a000 	C:\WINDOWS\SYSTEM32\DNSAPI.dll
0x00007ff8ee160000 - 0x00007ff8ee168000 	C:\WINDOWS\System32\NSI.dll
0x00007ff8eb120000 - 0x00007ff8eb15a000 	C:\WINDOWS\SYSTEM32\IPHLPAPI.DLL
0x00007ff8da550000 - 0x00007ff8da55e000 	C:\WINDOWS\System32\winrnr.dll
0x00007ff8e5080000 - 0x00007ff8e509c000 	C:\WINDOWS\system32\NLAapi.dll
0x00007ff8e7200000 - 0x00007ff8e7215000 	C:\WINDOWS\system32\wshbth.dll
0x00007ff8e1ba0000 - 0x00007ff8e1baa000 	C:\Windows\System32\rasadhlp.dll
0x00007ff8e2e60000 - 0x00007ff8e2ed7000 	C:\WINDOWS\System32\fwpuclnt.dll
0x00007ff8eccb0000 - 0x00007ff8eccd6000 	C:\WINDOWS\System32\bcrypt.dll
0x00007ff8eaf80000 - 0x00007ff8eafb3000 	C:\WINDOWS\system32\rsaenh.dll
0x00007ff8ebac0000 - 0x00007ff8ebae5000 	C:\WINDOWS\SYSTEM32\USERENV.dll
0x00007ff8eb5e0000 - 0x00007ff8eb5ec000 	C:\WINDOWS\SYSTEM32\CRYPTBASE.dll
0x00007ff8e40d0000 - 0x00007ff8e40e6000 	C:\WINDOWS\SYSTEM32\dhcpcsvc6.DLL
0x00007ff8e3fb0000 - 0x00007ff8e3fcc000 	C:\WINDOWS\SYSTEM32\dhcpcsvc.DLL

VM Arguments:
jvm_args: -Dmaven.multiModuleProjectDirectory=F:\bm_code\https -Dmaven.home=F:\apache-maven-3.3.9 -Dclassworlds.conf=F:\apache-maven-3.3.9\bin\m2.conf -javaagent:C:\Program Files (x86)\JetBrains\IntelliJ IDEA 2017.1\lib\idea_rt.jar=50439:C:\Program Files (x86)\JetBrains\IntelliJ IDEA 2017.1\bin -Dfile.encoding=UTF-8 
java_command: org.codehaus.classworlds.Launcher -Didea.version=2017.1 package
java_class_path (initial): F:\apache-maven-3.3.9\boot\plexus-classworlds-2.5.2.jar;C:\Program Files (x86)\JetBrains\IntelliJ IDEA 2017.1\lib\idea_rt.jar
Launcher Type: SUN_STANDARD

Environment Variables:
JAVA_HOME=C:\Program Files\Java\jdk1.8.0_181
CLASSPATH=C:\Program Files\Java\jdk1.8.0_181\jre\lib\rt.jar;.;
PATH=D:\app\86133\product\11.2.0\client_1;D:\app\86133\product\11.2.0\client_1\bin;D:\app\86133\product\11.2.0\client_2;D:\app\86133\product\11.2.0\client_2\bin;D:\app\86133\product\11.2.0\dbhome_1\bin;C:\Program Files (x86)\Common Files\Oracle\Java\javapath;C:\Program Files (x86)\Intel\Intel(R) Management Engine Components\iCLS\;C:\Program Files\Intel\Intel(R) Management Engine Components\iCLS\;C:\Windows\system32;C:\Windows;C:\Windows\System32\Wbem;C:\Windows\System32\WindowsPowerShell\v1.0\;C:\Windows\System32\OpenSSH\;C:\Program Files (x86)\Intel\Intel(R) Management Engine Components\DAL;C:\Program Files\Intel\Intel(R) Management Engine Components\DAL;C:\Program Files\Intel\WiFi\bin\;C:\Program Files\Common Files\Intel\WirelessCommon\;C:\Program Files (x86)\NVIDIA Corporation\PhysX\Common;C:\Program Files\NVIDIA Corporation\NVIDIA NvDLISR;C:\WINDOWS\system32;C:\WINDOWS;C:\WINDOWS\System32\Wbem;C:\WINDOWS\System32\WindowsPowerShell\v1.0\;C:\WINDOWS\System32\OpenSSH\;C:\Program Files\Java\jdk1.8.0_181\bin;F:\apache-maven-3.3.9\bin;C:\Program Files\TortoiseSVN\bin;C:\Program Files\IDM Computer Solutions\UltraEdit;C:\Program Files\IDM Computer Solutions\UltraCompare;C:\Users\86133\AppData\Local\Microsoft\WindowsApps;;D:\
USERNAME=86133
OS=Windows_NT
PROCESSOR_IDENTIFIER=Intel64 Family 6 Model 142 Stepping 10, GenuineIntel



---------------  S Y S T E M  ---------------

OS: Windows 10.0 , 64 bit Build 18362 (10.0.18362.329)

CPU:total 8 (initial active 8) (4 cores per cpu, 2 threads per core) family 6 model 142 stepping 10, cmov, cx8, fxsr, mmx, sse, sse2, sse3, ssse3, sse4.1, sse4.2, popcnt, avx, avx2, aes, clmul, erms, 3dnowpref, lzcnt, ht, tsc, tscinvbit, bmi1, bmi2, adx

Memory: 4k page, physical 16658152k(5472180k free), swap 27143908k(4696k free)

vm_info: Java HotSpot(TM) 64-Bit Server VM (25.181-b13) for windows-amd64 JRE (1.8.0_181-b13), built on Jul  7 2018 04:01:33 by "java_re" with MS VC++ 10.0 (VS2010)

time: Mon Mar 30 11:23:36 2020
elapsed time: 122 seconds (0d 0h 2m 2s)

