#
# There is insufficient memory for the Java Runtime Environment to continue.
# Native memory allocation (malloc) failed to allocate 1478256 bytes for Chunk::new
# Possible reasons:
#   The system is out of physical RAM or swap space
#   In 32 bit mode, the process size limit was hit
# Possible solutions:
#   Reduce memory load on the system
#   Increase physical memory or swap space
#   Check if swap backing store is full
#   Use 64 bit Java on a 64 bit OS
#   Decrease Java heap size (-Xmx/-Xms)
#   Decrease number of Java threads
#   Decrease Java thread stack sizes (-Xss)
#   Set larger code cache with -XX:ReservedCodeCacheSize=
# This output file may be truncated or incomplete.
#
#  Out of Memory Error (allocation.cpp:390), pid=13848, tid=0x00000000000028a8
#
# JRE version: Java(TM) SE Runtime Environment (8.0_181-b13) (build 1.8.0_181-b13)
# Java VM: Java HotSpot(TM) 64-Bit Server VM (25.181-b13 mixed mode windows-amd64 compressed oops)
# Failed to write core dump. Minidumps are not enabled by default on client versions of Windows
#

---------------  T H R E A D  ---------------

Current thread (0x000000001e5a6800):  JavaThread "C2 CompilerThread2" daemon [_thread_in_native, id=10408, stack(0x000000001ee70000,0x000000001ef70000)]

Stack: [0x000000001ee70000,0x000000001ef70000]
[error occurred during error reporting (printing stack bounds), id 0xc0000005]

Native frames: (J=compiled Java code, j=interpreted, Vv=VM code, C=native code)


Current CompileTask:
C2: 114181 8225       4       java.text.SimpleDateFormat::subFormat (1260 bytes)


---------------  P R O C E S S  ---------------

Java Threads: ( => current thread )
  0x0000000024017000 JavaThread "Timer-0" daemon [_thread_blocked, id=17204, stack(0x000000002abd0000,0x000000002acd0000)]
  0x000000002401a000 JavaThread "schedulerFactoryBean_QuartzSchedulerThread" [_thread_blocked, id=17916, stack(0x000000002b7f0000,0x000000002b8f0000)]
  0x000000002401b800 JavaThread "schedulerFactoryBean_Worker-10" [_thread_blocked, id=26668, stack(0x000000002b6f0000,0x000000002b7f0000)]
  0x0000000024016800 JavaThread "schedulerFactoryBean_Worker-9" [_thread_blocked, id=27936, stack(0x000000002b5f0000,0x000000002b6f0000)]
  0x0000000024019800 JavaThread "schedulerFactoryBean_Worker-8" [_thread_blocked, id=20828, stack(0x000000002b4f0000,0x000000002b5f0000)]
  0x000000002401b000 JavaThread "schedulerFactoryBean_Worker-7" [_thread_blocked, id=19148, stack(0x000000002b3f0000,0x000000002b4f0000)]
  0x00000000231a1800 JavaThread "schedulerFactoryBean_Worker-6" [_thread_blocked, id=28324, stack(0x000000002b2f0000,0x000000002b3f0000)]
  0x00000000231a1000 JavaThread "schedulerFactoryBean_Worker-5" [_thread_blocked, id=26032, stack(0x000000002b1f0000,0x000000002b2f0000)]
  0x000000002319f800 JavaThread "schedulerFactoryBean_Worker-4" [_thread_blocked, id=21924, stack(0x000000002b0f0000,0x000000002b1f0000)]
  0x00000000231a2800 JavaThread "schedulerFactoryBean_Worker-3" [_thread_blocked, id=25020, stack(0x000000002aff0000,0x000000002b0f0000)]
  0x000000002319e800 JavaThread "schedulerFactoryBean_Worker-2" [_thread_blocked, id=28292, stack(0x000000002aef0000,0x000000002aff0000)]
  0x000000002319e000 JavaThread "schedulerFactoryBean_Worker-1" [_thread_blocked, id=28228, stack(0x0000000000b30000,0x0000000000c30000)]
  0x000000002319d000 JavaThread "HikariPool-1 housekeeper" daemon [_thread_blocked, id=25772, stack(0x00000000252a0000,0x00000000253a0000)]
  0x00000000231a4000 JavaThread "oracle.jdbc.driver.BlockSource.ThreadedCachingBlockSource.BlockReleaser" daemon [_thread_blocked, id=18884, stack(0x0000000022620000,0x0000000022720000)]
  0x00000000231a0000 JavaThread "GC Daemon" daemon [_thread_blocked, id=27400, stack(0x0000000021040000,0x0000000021140000)]
  0x000000001e786000 JavaThread "surefire-forkedjvm-ping-30s" daemon [_thread_blocked, id=7224, stack(0x000000001f370000,0x000000001f470000)]
  0x000000001e72d800 JavaThread "surefire-forkedjvm-command-thread" daemon [_thread_in_native, id=22860, stack(0x000000001f270000,0x000000001f370000)]
  0x000000001e630000 JavaThread "Service Thread" daemon [_thread_blocked, id=24224, stack(0x000000001f070000,0x000000001f170000)]
  0x000000001e5ae000 JavaThread "C1 CompilerThread3" daemon [_thread_blocked, id=22276, stack(0x000000001ef70000,0x000000001f070000)]
=>0x000000001e5a6800 JavaThread "C2 CompilerThread2" daemon [_thread_in_native, id=10408, stack(0x000000001ee70000,0x000000001ef70000)]
  0x000000001e5a4000 JavaThread "C2 CompilerThread1" daemon [_thread_in_native, id=24788, stack(0x000000001ed70000,0x000000001ee70000)]
  0x000000001e5a1800 JavaThread "C2 CompilerThread0" daemon [_thread_in_native, id=10440, stack(0x000000001ec70000,0x000000001ed70000)]
  0x000000001e59f000 JavaThread "Attach Listener" daemon [_thread_blocked, id=21632, stack(0x000000001eb70000,0x000000001ec70000)]
  0x000000001e59e800 JavaThread "Signal Dispatcher" daemon [_thread_blocked, id=20168, stack(0x000000001ea70000,0x000000001eb70000)]
  0x0000000002c19000 JavaThread "Finalizer" daemon [_thread_blocked, id=25684, stack(0x000000001e910000,0x000000001ea10000)]
  0x000000001c63d800 JavaThread "Reference Handler" daemon [_thread_blocked, id=26424, stack(0x000000001e410000,0x000000001e510000)]
  0x0000000002b22800 JavaThread "main" [_thread_in_Java, id=25948, stack(0x00000000029e0000,0x0000000002ae0000)]

Other Threads:
  0x000000001c638800 VMThread [stack: 0x000000001e310000,0x000000001e410000] [id=3488]
  0x000000001e5ca800 WatcherThread [stack: 0x000000001f170000,0x000000001f270000] [id=27820]

VM state:not at safepoint (normal execution)

VM Mutex/Monitor currently owned by a thread: None

Heap:
 PSYoungGen      total 365056K, used 296650K [0x000000076b400000, 0x0000000782e00000, 0x00000007c0000000)
  eden space 348160K, 81% used [0x000000076b400000,0x000000077c99a998,0x0000000780800000)
  from space 16896K, 73% used [0x0000000781800000,0x0000000782418030,0x0000000782880000)
  to   space 16384K, 0% used [0x0000000780800000,0x0000000780800000,0x0000000781800000)
 ParOldGen       total 245248K, used 35555K [0x00000006c1c00000, 0x00000006d0b80000, 0x000000076b400000)
  object space 245248K, 14% used [0x00000006c1c00000,0x00000006c3eb8c00,0x00000006d0b80000)
 Metaspace       used 65314K, capacity 67472K, committed 67732K, reserved 1107968K
  class space    used 8375K, capacity 8778K, committed 8892K, reserved 1048576K

Card table byte_map: [0x0000000011fe0000,0x00000000127e0000] byte_map_base: 0x000000000e9d2000

Marking Bits: (ParMarkBitMap*) 0x0000000060c82d00
 Begin Bits: [0x0000000013530000, 0x00000000174c0000)
 End Bits:   [0x00000000174c0000, 0x000000001b450000)

Polling page: 0x0000000000d00000

CodeCache: size=245760Kb used=26347Kb max_used=26347Kb free=219412Kb
 bounds [0x0000000002c20000, 0x0000000004600000, 0x0000000011c20000]
 total_blobs=7660 nmethods=7098 adapters=473
 compilation: enabled

Compilation events (10 events):
Event: 114.169 Thread 0x000000001e5ae000 8248       3       springfox.documentation.swagger.readers.operation.OperationSummaryReader::supports (9 bytes)
Event: 114.169 Thread 0x000000001e5ae000 nmethod 8248 0x00000000045f3450 code [0x00000000045f35e0, 0x00000000045f39f8]
Event: 114.169 Thread 0x000000001e5ae000 8249       3       springfox.documentation.spring.web.readers.operation.OperationParameterRequestConditionReader::apply (29 bytes)
Event: 114.169 Thread 0x000000001e5ae000 nmethod 8249 0x00000000045f3b50 code [0x00000000045f3d80, 0x00000000045f4768]
Event: 114.169 Thread 0x000000001e5ae000 8250       1       com.fasterxml.classmate.types.ResolvedArrayType::isArray (2 bytes)
Event: 114.170 Thread 0x000000001e5ae000 nmethod 8250 0x00000000045e2b10 code [0x00000000045e2c60, 0x00000000045e2d70]
Event: 114.175 Thread 0x000000001e5ae000 8251       3       java.util.TreeSet::iterator (15 bytes)
Event: 114.176 Thread 0x000000001e5ae000 nmethod 8251 0x00000000045f4dd0 code [0x00000000045f4f40, 0x00000000045f5218]
Event: 114.179 Thread 0x000000001e5ae000 8252       3       springfox.documentation.spi.service.contexts.OperationContext::alternateFor (9 bytes)
Event: 114.179 Thread 0x000000001e5ae000 nmethod 8252 0x00000000045f5310 code [0x00000000045f5480, 0x00000000045f56a8]

GC Heap History (10 events):
Event: 111.382 GC heap before
{Heap before GC invocations=15 (full 3):
 PSYoungGen      total 240128K, used 232124K [0x000000076b400000, 0x000000077e000000, 0x00000007c0000000)
  eden space 221184K, 100% used [0x000000076b400000,0x0000000778c00000,0x0000000778c00000)
  from space 18944K, 57% used [0x0000000778c00000,0x00000007796af140,0x0000000779e80000)
  to   space 18432K, 0% used [0x000000077ce00000,0x000000077ce00000,0x000000077e000000)
 ParOldGen       total 245248K, used 35503K [0x00000006c1c00000, 0x00000006d0b80000, 0x000000076b400000)
  object space 245248K, 14% used [0x00000006c1c00000,0x00000006c3eabfb0,0x00000006d0b80000)
 Metaspace       used 64592K, capacity 66858K, committed 67092K, reserved 1107968K
  class space    used 8326K, capacity 8745K, committed 8764K, reserved 1048576K
Event: 111.395 GC heap after
Heap after GC invocations=15 (full 3):
 PSYoungGen      total 289280K, used 11943K [0x000000076b400000, 0x000000077e300000, 0x00000007c0000000)
  eden space 270848K, 0% used [0x000000076b400000,0x000000076b400000,0x000000077bc80000)
  from space 18432K, 64% used [0x000000077ce00000,0x000000077d9a9f68,0x000000077e000000)
  to   space 17920K, 0% used [0x000000077bc80000,0x000000077bc80000,0x000000077ce00000)
 ParOldGen       total 245248K, used 35511K [0x00000006c1c00000, 0x00000006d0b80000, 0x000000076b400000)
  object space 245248K, 14% used [0x00000006c1c00000,0x00000006c3eadfb0,0x00000006d0b80000)
 Metaspace       used 64592K, capacity 66858K, committed 67092K, reserved 1107968K
  class space    used 8326K, capacity 8745K, committed 8764K, reserved 1048576K
}
Event: 111.978 GC heap before
{Heap before GC invocations=16 (full 3):
 PSYoungGen      total 289280K, used 282791K [0x000000076b400000, 0x000000077e300000, 0x00000007c0000000)
  eden space 270848K, 100% used [0x000000076b400000,0x000000077bc80000,0x000000077bc80000)
  from space 18432K, 64% used [0x000000077ce00000,0x000000077d9a9f68,0x000000077e000000)
  to   space 17920K, 0% used [0x000000077bc80000,0x000000077bc80000,0x000000077ce00000)
 ParOldGen       total 245248K, used 35511K [0x00000006c1c00000, 0x00000006d0b80000, 0x000000076b400000)
  object space 245248K, 14% used [0x00000006c1c00000,0x00000006c3eadfb0,0x00000006d0b80000)
 Metaspace       used 64692K, capacity 66922K, committed 67092K, reserved 1107968K
  class space    used 8326K, capacity 8745K, committed 8764K, reserved 1048576K
Event: 111.986 GC heap after
Heap after GC invocations=16 (full 3):
 PSYoungGen      total 288768K, used 11008K [0x000000076b400000, 0x000000077e300000, 0x00000007c0000000)
  eden space 270848K, 0% used [0x000000076b400000,0x000000076b400000,0x000000077bc80000)
  from space 17920K, 61% used [0x000000077bc80000,0x000000077c740030,0x000000077ce00000)
  to   space 18432K, 0% used [0x000000077ce00000,0x000000077ce00000,0x000000077e000000)
 ParOldGen       total 245248K, used 35519K [0x00000006c1c00000, 0x00000006d0b80000, 0x000000076b400000)
  object space 245248K, 14% used [0x00000006c1c00000,0x00000006c3eaffb0,0x00000006d0b80000)
 Metaspace       used 64692K, capacity 66922K, committed 67092K, reserved 1107968K
  class space    used 8326K, capacity 8745K, committed 8764K, reserved 1048576K
}
Event: 112.613 GC heap before
{Heap before GC invocations=17 (full 3):
 PSYoungGen      total 288768K, used 281856K [0x000000076b400000, 0x000000077e300000, 0x00000007c0000000)
  eden space 270848K, 100% used [0x000000076b400000,0x000000077bc80000,0x000000077bc80000)
  from space 17920K, 61% used [0x000000077bc80000,0x000000077c740030,0x000000077ce00000)
  to   space 18432K, 0% used [0x000000077ce00000,0x000000077ce00000,0x000000077e000000)
 ParOldGen       total 245248K, used 35519K [0x00000006c1c00000, 0x00000006d0b80000, 0x000000076b400000)
  object space 245248K, 14% used [0x00000006c1c00000,0x00000006c3eaffb0,0x00000006d0b80000)
 Metaspace       used 64747K, capacity 66986K, committed 67092K, reserved 1107968K
  class space    used 8327K, capacity 8745K, committed 8764K, reserved 1048576K
Event: 112.622 GC heap after
Heap after GC invocations=17 (full 3):
 PSYoungGen      total 289280K, used 11328K [0x000000076b400000, 0x000000077e300000, 0x00000007c0000000)
  eden space 270848K, 0% used [0x000000076b400000,0x000000076b400000,0x000000077bc80000)
  from space 18432K, 61% used [0x000000077ce00000,0x000000077d910030,0x000000077e000000)
  to   space 17920K, 0% used [0x000000077bc80000,0x000000077bc80000,0x000000077ce00000)
 ParOldGen       total 245248K, used 35539K [0x00000006c1c00000, 0x00000006d0b80000, 0x000000076b400000)
  object space 245248K, 14% used [0x00000006c1c00000,0x00000006c3eb4c00,0x00000006d0b80000)
 Metaspace       used 64747K, capacity 66986K, committed 67092K, reserved 1107968K
  class space    used 8327K, capacity 8745K, committed 8764K, reserved 1048576K
}
Event: 113.265 GC heap before
{Heap before GC invocations=18 (full 3):
 PSYoungGen      total 289280K, used 282176K [0x000000076b400000, 0x000000077e300000, 0x00000007c0000000)
  eden space 270848K, 100% used [0x000000076b400000,0x000000077bc80000,0x000000077bc80000)
  from space 18432K, 61% used [0x000000077ce00000,0x000000077d910030,0x000000077e000000)
  to   space 17920K, 0% used [0x000000077bc80000,0x000000077bc80000,0x000000077ce00000)
 ParOldGen       total 245248K, used 35539K [0x00000006c1c00000, 0x00000006d0b80000, 0x000000076b400000)
  object space 245248K, 14% used [0x00000006c1c00000,0x00000006c3eb4c00,0x00000006d0b80000)
 Metaspace       used 65145K, capacity 67344K, committed 67732K, reserved 1107968K
  class space    used 8372K, capacity 8778K, committed 8892K, reserved 1048576K
Event: 113.275 GC heap after
Heap after GC invocations=18 (full 3):
 PSYoungGen      total 288768K, used 12415K [0x000000076b400000, 0x0000000782880000, 0x00000007c0000000)
  eden space 270848K, 0% used [0x000000076b400000,0x000000076b400000,0x000000077bc80000)
  from space 17920K, 69% used [0x000000077bc80000,0x000000077c89fcb8,0x000000077ce00000)
  to   space 16896K, 0% used [0x0000000781800000,0x0000000781800000,0x0000000782880000)
 ParOldGen       total 245248K, used 35547K [0x00000006c1c00000, 0x00000006d0b80000, 0x000000076b400000)
  object space 245248K, 14% used [0x00000006c1c00000,0x00000006c3eb6c00,0x00000006d0b80000)
 Metaspace       used 65145K, capacity 67344K, committed 67732K, reserved 1107968K
  class space    used 8372K, capacity 8778K, committed 8892K, reserved 1048576K
}
Event: 113.696 GC heap before
{Heap before GC invocations=19 (full 3):
 PSYoungGen      total 288768K, used 283263K [0x000000076b400000, 0x0000000782880000, 0x00000007c0000000)
  eden space 270848K, 100% used [0x000000076b400000,0x000000077bc80000,0x000000077bc80000)
  from space 17920K, 69% used [0x000000077bc80000,0x000000077c89fcb8,0x000000077ce00000)
  to   space 16896K, 0% used [0x0000000781800000,0x0000000781800000,0x0000000782880000)
 ParOldGen       total 245248K, used 35547K [0x00000006c1c00000, 0x00000006d0b80000, 0x000000076b400000)
  object space 245248K, 14% used [0x00000006c1c00000,0x00000006c3eb6c00,0x00000006d0b80000)
 Metaspace       used 65217K, capacity 67408K, committed 67732K, reserved 1107968K
  class space    used 8372K, capacity 8778K, committed 8892K, reserved 1048576K
Event: 113.705 GC heap after
Heap after GC invocations=19 (full 3):
 PSYoungGen      total 365056K, used 12384K [0x000000076b400000, 0x0000000782e00000, 0x00000007c0000000)
  eden space 348160K, 0% used [0x000000076b400000,0x000000076b400000,0x0000000780800000)
  from space 16896K, 73% used [0x0000000781800000,0x0000000782418030,0x0000000782880000)
  to   space 16384K, 0% used [0x0000000780800000,0x0000000780800000,0x0000000781800000)
 ParOldGen       total 245248K, used 35555K [0x00000006c1c00000, 0x00000006d0b80000, 0x000000076b400000)
  object space 245248K, 14% used [0x00000006c1c00000,0x00000006c3eb8c00,0x00000006d0b80000)
 Metaspace       used 65217K, capacity 67408K, committed 67732K, reserved 1107968K
  class space    used 8372K, capacity 8778K, committed 8892K, reserved 1048576K
}

Deoptimization events (10 events):
Event: 113.011 Thread 0x0000000002b22800 Uncommon trap: reason=class_check action=maybe_recompile pc=0x000000000429b828 method=java.util.regex.Pattern$Curly.match(Ljava/util/regex/Matcher;ILjava/lang/CharSequence;)Z @ 19
Event: 113.011 Thread 0x0000000002b22800 Uncommon trap: reason=class_check action=maybe_recompile pc=0x00000000043f209c method=java.util.regex.Pattern$CharProperty$1.isSatisfiedBy(I)Z @ 5
Event: 113.011 Thread 0x0000000002b22800 Uncommon trap: reason=unstable_if action=reinterpret pc=0x000000000423be74 method=java.util.regex.Pattern$GroupTail.match(Ljava/util/regex/Matcher;ILjava/lang/CharSequence;)Z @ 73
Event: 113.011 Thread 0x0000000002b22800 Uncommon trap: reason=class_check action=maybe_recompile pc=0x00000000043f209c method=java.util.regex.Pattern$CharProperty$1.isSatisfiedBy(I)Z @ 5
Event: 113.011 Thread 0x0000000002b22800 Uncommon trap: reason=class_check action=maybe_recompile pc=0x00000000043f209c method=java.util.regex.Pattern$CharProperty$1.isSatisfiedBy(I)Z @ 5
Event: 113.011 Thread 0x0000000002b22800 Uncommon trap: reason=class_check action=maybe_recompile pc=0x00000000043f209c method=java.util.regex.Pattern$CharProperty$1.isSatisfiedBy(I)Z @ 5
Event: 114.010 Thread 0x000000001e786000 Uncommon trap: reason=bimorphic action=maybe_recompile pc=0x00000000039fcd3c method=java.util.Collections$SetFromMap.contains(Ljava/lang/Object;)Z @ 5
Event: 114.161 Thread 0x0000000002b22800 Uncommon trap: reason=bimorphic action=maybe_recompile pc=0x0000000003c601f0 method=springfox.documentation.schema.Collections.isContainerType(Lcom/fasterxml/classmate/ResolvedType;)Z @ 27
Event: 114.161 Thread 0x0000000002b22800 Uncommon trap: reason=bimorphic action=maybe_recompile pc=0x0000000003c601f0 method=springfox.documentation.schema.Collections.isContainerType(Lcom/fasterxml/classmate/ResolvedType;)Z @ 27
Event: 114.162 Thread 0x0000000002b22800 Uncommon trap: reason=null_check action=make_not_entrant pc=0x0000000003c60204 method=springfox.documentation.schema.Collections.isContainerType(Lcom/fasterxml/classmate/ResolvedType;)Z @ 7

Classes redefined (0 events):
No events

Internal exceptions (10 events):
Event: 110.814 Thread 0x0000000002b22800 Exception <a 'java/lang/ClassNotFoundException': org/springframework/beans/factory/AwareCustomizer> (0x0000000770499a50) thrown at [C:\re\workspace\8-2-build-windows-amd64-cygwin\jdk8u181\11358\hotspot\src\share\vm\classfile\systemDictionary.cpp, line 210
Event: 110.814 Thread 0x0000000002b22800 Exception <a 'java/lang/ClassNotFoundException': org/springframework/core/env/EnvironmentCapableCustomizer> (0x00000007704bbfa0) thrown at [C:\re\workspace\8-2-build-windows-amd64-cygwin\jdk8u181\11358\hotspot\src\share\vm\classfile\systemDictionary.cpp, 
Event: 110.814 Thread 0x0000000002b22800 Exception <a 'java/lang/ClassNotFoundException': org/springframework/web/context/ServletContextAwareCustomizer> (0x00000007704e1d60) thrown at [C:\re\workspace\8-2-build-windows-amd64-cygwin\jdk8u181\11358\hotspot\src\share\vm\classfile\systemDictionary.c
Event: 110.815 Thread 0x0000000002b22800 Exception <a 'java/lang/ClassNotFoundException': org/springframework/beans/factory/AwareCustomizer> (0x0000000770502118) thrown at [C:\re\workspace\8-2-build-windows-amd64-cygwin\jdk8u181\11358\hotspot\src\share\vm\classfile\systemDictionary.cpp, line 210
Event: 110.815 Thread 0x0000000002b22800 Exception <a 'java/lang/ClassNotFoundException': org/springframework/beans/factory/InitializingBeanCustomizer> (0x00000007705261c0) thrown at [C:\re\workspace\8-2-build-windows-amd64-cygwin\jdk8u181\11358\hotspot\src\share\vm\classfile\systemDictionary.cp
Event: 110.816 Thread 0x0000000002b22800 Exception <a 'java/lang/ClassNotFoundException': org/springframework/beans/factory/DisposableBeanCustomizer> (0x0000000770549008) thrown at [C:\re\workspace\8-2-build-windows-amd64-cygwin\jdk8u181\11358\hotspot\src\share\vm\classfile\systemDictionary.cpp,
Event: 110.820 Thread 0x0000000002b22800 Exception <a 'java/lang/ClassNotFoundException': java/lang/ObjectCustomizer> (0x00000007705e78c0) thrown at [C:\re\workspace\8-2-build-windows-amd64-cygwin\jdk8u181\11358\hotspot\src\share\vm\classfile\systemDictionary.cpp, line 210]
Event: 110.820 Thread 0x0000000002b22800 Exception <a 'java/lang/ClassNotFoundException': org/springframework/web/multipart/support/StandardServletMultipartResolverCustomizer> (0x00000007706196e8) thrown at [C:\re\workspace\8-2-build-windows-amd64-cygwin\jdk8u181\11358\hotspot\src\share\vm\class
Event: 110.821 Thread 0x0000000002b22800 Exception <a 'java/lang/ClassNotFoundException': org/springframework/web/multipart/MultipartResolverCustomizer> (0x0000000770642fd8) thrown at [C:\re\workspace\8-2-build-windows-amd64-cygwin\jdk8u181\11358\hotspot\src\share\vm\classfile\systemDictionary.c
Event: 114.008 Thread 0x000000001e786000 Exception <a 'java/io/IOException': CreateProcess error=1455, 页面文件太小，无法完成操作。> (0x0000000777f0ce80) thrown at [C:\re\workspace\8-2-build-windows-amd64-cygwin\jdk8u181\11358\hotspot\src\share\vm\prims\jni.cpp, line 735]

Events (10 events):
Event: 114.010 Thread 0x000000001e786000 DEOPT UNPACKING pc=0x0000000002c6583b sp=0x000000001f46ed60 mode 2
Event: 114.161 Thread 0x0000000002b22800 Uncommon trap: trap_request=0xffffffc6 fr.pc=0x0000000003c601f0
Event: 114.161 Thread 0x0000000002b22800 DEOPT PACKING pc=0x0000000003c601f0 sp=0x0000000002add7e0
Event: 114.161 Thread 0x0000000002b22800 DEOPT UNPACKING pc=0x0000000002c6583b sp=0x0000000002add788 mode 2
Event: 114.161 Thread 0x0000000002b22800 Uncommon trap: trap_request=0xffffffc6 fr.pc=0x0000000003c601f0
Event: 114.161 Thread 0x0000000002b22800 DEOPT PACKING pc=0x0000000003c601f0 sp=0x0000000002add520
Event: 114.162 Thread 0x0000000002b22800 DEOPT UNPACKING pc=0x0000000002c6583b sp=0x0000000002add4c0 mode 2
Event: 114.162 Thread 0x0000000002b22800 Uncommon trap: trap_request=0xfffffff4 fr.pc=0x0000000003c60204
Event: 114.162 Thread 0x0000000002b22800 DEOPT PACKING pc=0x0000000003c60204 sp=0x0000000002add430
Event: 114.162 Thread 0x0000000002b22800 DEOPT UNPACKING pc=0x0000000002c6583b sp=0x0000000002add3c8 mode 2


Dynamic libraries:
0x00007ff7bd750000 - 0x00007ff7bd787000 	C:\Program Files\Java\jdk1.8.0_181\jre\bin\java.exe
0x00007ff8eece0000 - 0x00007ff8eeed0000 	C:\WINDOWS\SYSTEM32\ntdll.dll
0x00007ff8edf40000 - 0x00007ff8edff2000 	C:\WINDOWS\System32\KERNEL32.DLL
0x00007ff8ebdd0000 - 0x00007ff8ec073000 	C:\WINDOWS\System32\KERNELBASE.dll
0x00007ff8edb20000 - 0x00007ff8edbc3000 	C:\WINDOWS\System32\ADVAPI32.dll
0x00007ff8eda80000 - 0x00007ff8edb1e000 	C:\WINDOWS\System32\msvcrt.dll
0x00007ff8ecf10000 - 0x00007ff8ecfa7000 	C:\WINDOWS\System32\sechost.dll
0x00007ff8ed960000 - 0x00007ff8eda80000 	C:\WINDOWS\System32\RPCRT4.dll
0x00007ff8eea30000 - 0x00007ff8eebc4000 	C:\WINDOWS\System32\USER32.dll
0x00007ff8ecbe0000 - 0x00007ff8ecc01000 	C:\WINDOWS\System32\win32u.dll
0x00007ff8ecdb0000 - 0x00007ff8ecdd6000 	C:\WINDOWS\System32\GDI32.dll
0x00007ff8ec850000 - 0x00007ff8ec9e4000 	C:\WINDOWS\System32\gdi32full.dll
0x00007ff8ecc10000 - 0x00007ff8eccae000 	C:\WINDOWS\System32\msvcp_win.dll
0x00007ff8ebcd0000 - 0x00007ff8ebdca000 	C:\WINDOWS\System32\ucrtbase.dll
0x00007ff8e18b0000 - 0x00007ff8e1b35000 	C:\WINDOWS\WinSxS\amd64_microsoft.windows.common-controls_6595b64144ccf1df_6.0.18362.720_none_e6beb5c51314836b\COMCTL32.dll
0x00007ff8ecfb0000 - 0x00007ff8ed2e6000 	C:\WINDOWS\System32\combase.dll
0x00007ff8ecb60000 - 0x00007ff8ecbe0000 	C:\WINDOWS\System32\bcryptPrimitives.dll
0x00007ff8ed830000 - 0x00007ff8ed85e000 	C:\WINDOWS\System32\IMM32.DLL
0x0000000062130000 - 0x0000000062202000 	C:\Program Files\Java\jdk1.8.0_181\jre\bin\msvcr100.dll
0x0000000060460000 - 0x0000000060d02000 	C:\Program Files\Java\jdk1.8.0_181\jre\bin\server\jvm.dll
0x00007ff8ed860000 - 0x00007ff8ed868000 	C:\WINDOWS\System32\PSAPI.DLL
0x00007ff8e5e70000 - 0x00007ff8e5e7a000 	C:\WINDOWS\SYSTEM32\VERSION.dll
0x00007ff8df7e0000 - 0x00007ff8df7e9000 	C:\WINDOWS\SYSTEM32\WSOCK32.dll
0x00007ff8e2170000 - 0x00007ff8e2194000 	C:\WINDOWS\SYSTEM32\WINMM.dll
0x00007ff8ed870000 - 0x00007ff8ed8df000 	C:\WINDOWS\System32\WS2_32.dll
0x00007ff8e1f30000 - 0x00007ff8e1f5d000 	C:\WINDOWS\SYSTEM32\WINMMBASE.dll
0x00007ff8ec800000 - 0x00007ff8ec84a000 	C:\WINDOWS\System32\cfgmgr32.dll
0x0000000062120000 - 0x000000006212f000 	C:\Program Files\Java\jdk1.8.0_181\jre\bin\verify.dll
0x00000000620f0000 - 0x0000000062119000 	C:\Program Files\Java\jdk1.8.0_181\jre\bin\java.dll
0x00000000620d0000 - 0x00000000620e6000 	C:\Program Files\Java\jdk1.8.0_181\jre\bin\zip.dll
0x00007ff8ee170000 - 0x00007ff8ee855000 	C:\WINDOWS\System32\SHELL32.dll
0x00007ff8ee000000 - 0x00007ff8ee0a9000 	C:\WINDOWS\System32\shcore.dll
0x00007ff8ec080000 - 0x00007ff8ec800000 	C:\WINDOWS\System32\windows.storage.dll
0x00007ff8ebc40000 - 0x00007ff8ebc63000 	C:\WINDOWS\System32\profapi.dll
0x00007ff8ebbd0000 - 0x00007ff8ebc1a000 	C:\WINDOWS\System32\powrprof.dll
0x00007ff8ebba0000 - 0x00007ff8ebbb0000 	C:\WINDOWS\System32\UMPDC.dll
0x00007ff8eceb0000 - 0x00007ff8ecf02000 	C:\WINDOWS\System32\shlwapi.dll
0x00007ff8ebbb0000 - 0x00007ff8ebbc1000 	C:\WINDOWS\System32\kernel.appcore.dll
0x00007ff8ec9f0000 - 0x00007ff8eca07000 	C:\WINDOWS\System32\cryptsp.dll
0x0000000062050000 - 0x000000006205d000 	C:\Program Files\Java\jdk1.8.0_181\jre\bin\management.dll
0x0000000062080000 - 0x000000006209a000 	C:\Program Files\Java\jdk1.8.0_181\jre\bin\net.dll
0x00007ff8eb410000 - 0x00007ff8eb477000 	C:\WINDOWS\system32\mswsock.dll
0x0000000062060000 - 0x0000000062071000 	C:\Program Files\Java\jdk1.8.0_181\jre\bin\nio.dll
0x00007ff8da560000 - 0x00007ff8da576000 	C:\WINDOWS\system32\napinsp.dll
0x00007ff8d9b60000 - 0x00007ff8d9b7a000 	C:\WINDOWS\system32\pnrpnsp.dll
0x00007ff8eb160000 - 0x00007ff8eb22a000 	C:\WINDOWS\SYSTEM32\DNSAPI.dll
0x00007ff8ee160000 - 0x00007ff8ee168000 	C:\WINDOWS\System32\NSI.dll
0x00007ff8eb120000 - 0x00007ff8eb15a000 	C:\WINDOWS\SYSTEM32\IPHLPAPI.DLL
0x00007ff8da550000 - 0x00007ff8da55e000 	C:\WINDOWS\System32\winrnr.dll
0x00007ff8e5080000 - 0x00007ff8e509c000 	C:\WINDOWS\system32\NLAapi.dll
0x00007ff8e7200000 - 0x00007ff8e7215000 	C:\WINDOWS\system32\wshbth.dll
0x00007ff8e1ba0000 - 0x00007ff8e1baa000 	C:\Windows\System32\rasadhlp.dll
0x00007ff8e2e60000 - 0x00007ff8e2ed7000 	C:\WINDOWS\System32\fwpuclnt.dll
0x00007ff8eccb0000 - 0x00007ff8eccd6000 	C:\WINDOWS\System32\bcrypt.dll
0x0000000062020000 - 0x0000000062044000 	C:\Program Files\Java\jdk1.8.0_181\jre\bin\sunec.dll
0x0000000062010000 - 0x000000006201b000 	C:\Program Files\Java\jdk1.8.0_181\jre\bin\sunmscapi.dll
0x00007ff8eca10000 - 0x00007ff8ecb59000 	C:\WINDOWS\System32\CRYPT32.dll
0x00007ff8ebc20000 - 0x00007ff8ebc32000 	C:\WINDOWS\System32\MSASN1.dll
0x00007ff8eaf80000 - 0x00007ff8eafb3000 	C:\WINDOWS\system32\rsaenh.dll
0x00007ff8ebac0000 - 0x00007ff8ebae5000 	C:\WINDOWS\SYSTEM32\USERENV.dll
0x00007ff8eb5e0000 - 0x00007ff8eb5ec000 	C:\WINDOWS\SYSTEM32\CRYPTBASE.dll
0x00007ff8e40d0000 - 0x00007ff8e40e6000 	C:\WINDOWS\SYSTEM32\dhcpcsvc6.DLL
0x00007ff8e3fb0000 - 0x00007ff8e3fcc000 	C:\WINDOWS\SYSTEM32\dhcpcsvc.DLL

VM Arguments:
java_command: C:\Users\86133\AppData\Local\Temp\surefire5595858545369515055\surefirebooter1034659602621369632.jar C:\Users\86133\AppData\Local\Temp\surefire5595858545369515055 2020-03-30T11-21-42_161-jvmRun1 surefire2151263284005066784tmp surefire_0590459368083734451tmp
java_class_path (initial): C:\Users\86133\AppData\Local\Temp\surefire5595858545369515055\surefirebooter1034659602621369632.jar
Launcher Type: SUN_STANDARD

Environment Variables:
JAVA_HOME=C:\Program Files\Java\jdk1.8.0_181
CLASSPATH=C:\Program Files\Java\jdk1.8.0_181\jre\lib\rt.jar;.;
PATH=D:\app\86133\product\11.2.0\client_1;D:\app\86133\product\11.2.0\client_1\bin;D:\app\86133\product\11.2.0\client_2;D:\app\86133\product\11.2.0\client_2\bin;D:\app\86133\product\11.2.0\dbhome_1\bin;C:\Program Files (x86)\Common Files\Oracle\Java\javapath;C:\Program Files (x86)\Intel\Intel(R) Management Engine Components\iCLS\;C:\Program Files\Intel\Intel(R) Management Engine Components\iCLS\;C:\Windows\system32;C:\Windows;C:\Windows\System32\Wbem;C:\Windows\System32\WindowsPowerShell\v1.0\;C:\Windows\System32\OpenSSH\;C:\Program Files (x86)\Intel\Intel(R) Management Engine Components\DAL;C:\Program Files\Intel\Intel(R) Management Engine Components\DAL;C:\Program Files\Intel\WiFi\bin\;C:\Program Files\Common Files\Intel\WirelessCommon\;C:\Program Files (x86)\NVIDIA Corporation\PhysX\Common;C:\Program Files\NVIDIA Corporation\NVIDIA NvDLISR;C:\WINDOWS\system32;C:\WINDOWS;C:\WINDOWS\System32\Wbem;C:\WINDOWS\System32\WindowsPowerShell\v1.0\;C:\WINDOWS\System32\OpenSSH\;C:\Program Files\Java\jdk1.8.0_181\bin;F:\apache-maven-3.3.9\bin;C:\Program Files\TortoiseSVN\bin;C:\Program Files\IDM Computer Solutions\UltraEdit;C:\Program Files\IDM Computer Solutions\UltraCompare;C:\Users\86133\AppData\Local\Microsoft\WindowsApps;;D:\
USERNAME=86133
OS=Windows_NT
PROCESSOR_IDENTIFIER=Intel64 Family 6 Model 142 Stepping 10, GenuineIntel



---------------  S Y S T E M  ---------------

OS: Windows 10.0 , 64 bit Build 18362 (10.0.18362.329)

CPU:total 8 (initial active 8) (4 cores per cpu, 2 threads per core) family 6 model 142 stepping 10, cmov, cx8, fxsr, mmx, sse, sse2, sse3, ssse3, sse4.1, sse4.2, popcnt, avx, avx2, aes, clmul, erms, 3dnowpref, lzcnt, ht, tsc, tscinvbit, bmi1, bmi2, adx

Memory: 4k page, physical 16658152k(5478380k free), swap 27143908k(4696k free)

vm_info: Java HotSpot(TM) 64-Bit Server VM (25.181-b13) for windows-amd64 JRE (1.8.0_181-b13), built on Jul  7 2018 04:01:33 by "java_re" with MS VC++ 10.0 (VS2010)

time: Mon Mar 30 11:23:36 2020
elapsed time: 114 seconds (0d 0h 1m 54s)

